Cannot crawl winamax: Traceback (most recent call last):
  File "d:\Users\Romeo\Documents\VSCode\Projet\src\Arbitrage\main.py", line 26, in <module>
    bookmakers['winamax'] = winamax.get_games(competition)
                            ^^^^^^^^^^^^^^^^^^^^^^^^^^^^^^
  File "d:\Users\Romeo\Documents\VSCode\Projet\src\Arbitrage\bookmakers\winamax.py", line 47, in get_games
    json = get_json(competition)
           ^^^^^^^^^^^^^^^^^^^^^
  File "d:\Users\Romeo\Documents\VSCode\Projet\src\Arbitrage\bookmakers\winamax.py", line 37, in get_json
    split1 = html.split("var PRELOADED_STATE = ")[1]
             ~~~~~~~~~~~~~~~~~~~~~~~~~~~~~~~~~~~~^^^
IndexError: list index out of range

pmu: []
betclic: [{'team1': 'Lille', 'team2': 'Auxerre', 'odds': [1.42, 4.7, 7.5]}, {'team1': 'Nice', 'team2': 'Angers', 'odds': [1.35, 5.2, 8.7]}, {'team1': 'Brest', 'team2': 'Lens', 'odds': [2.34, 3.4, 3.05]}, {'team1': 'Reims', 'team2': 'Toulouse', 'odds': [3.28, 3.3, 2.26]}, {'team1': 'Saint-Etienne', 'team2': 'Lyon', 'odds': [4.58, 4.43, 1.65]}, {'team1': 'Nantes', 'team2': 'Paris SG', 'odds': [7.45, 5.7, 1.33]}, {'team1': 'Paris SG', 'team2': 'Nice', 'odds': [1.41, 4.88, 6.05]}, {'team1': 'Strasbourg', 'team2': 'Saint-Etienne', 'odds': [1.57, 4.32, 4.75]}, {'team1': 'Le Havre', 'team2': 'Monaco', 'odds': [5.95, 4.85, 1.42]}, {'team1': 'Lyon', 'team2': 'Rennes', 'odds': [1.7, 4.02, 4.12]}, {'team1': 'Angers', 'team2': 'Lille', 'odds': [4.62, 3.72, 1.66]}, {'team1': 'Lens', 'team2': 'Auxerre', 'odds': [1.65, 3.82, 4.47]}, {'team1': 'Montpellier', 'team2': 'Reims', 'odds': [3.85, 3.55, 1.83]}, {'team1': 'Nantes', 'team2': 'Toulouse', 'odds': [3.03, 3.25, 2.21]}, {'team1': 'Marseille', 'team2': 'Brest', 'odds': [1.56, 4.08, 4.87]}]
zebet: []
netbet: [{'team1': 'Lille', 'team2': 'Auxerre', 'odds': [1.43, 4.5, 7.25]}, {'team1': 'Brest', 'team2': 'Lens', 'odds': [2.35, 3.35, 3.05]}, {'team1': 'Nice', 'team2': 'Angers', 'odds': [1.35, 5.1, 8.5]}, {'team1': 'Reims', 'team2': 'Toulouse', 'odds': [3.25, 3.3, 2.22]}, {'team1': 'Saint-Étienne', 'team2': 'Lyon', 'odds': [4.6, 4.3, 1.65]}, {'team1': 'Nantes', 'team2': 'Paris SG', 'odds': [7.25, 5.4, 1.35]}, {'team1': 'Le Havre', 'team2': 'Monaco', 'odds': [6.1, 4.9, 1.43]}]
Cannot crawl unibet: Traceback (most recent call last):
  File "d:\Users\Romeo\Documents\VSCode\Projet\src\Arbitrage\main.py", line 61, in <module>
    bookmakers['unibet'] = unibet.get_games(competition)
                           ^^^^^^^^^^^^^^^^^^^^^^^^^^^^^
  File "d:\Users\Romeo\Documents\VSCode\Projet\src\Arbitrage\bookmakers\unibet.py", line 50, in get_games
    html = get_page(competition)
           ^^^^^^^^^^^^^^^^^^^^^
  File "d:\Users\Romeo\Documents\VSCode\Projet\src\Arbitrage\bookmakers\unibet.py", line 36, in get_page
    driver = webdriver.Chrome(service = ChromeService(
            ^^^^^^^^^^^^^^^^^^^^^^^^^^^^^^^^^^^^^^^^^
  File "C:\Users\Romeo\AppData\Local\Packages\PythonSoftwareFoundation.Python.3.11_qbz5n2kfra8p0\LocalCache\local-packages\Python311\site-packages\selenium\webdriver\chrome\webdriver.py", line 45, in __init__
    super().__init__(
  File "C:\Users\Romeo\AppData\Local\Packages\PythonSoftwareFoundation.Python.3.11_qbz5n2kfra8p0\LocalCache\local-packages\Python311\site-packages\selenium\webdriver\chromium\webdriver.py", line 53, in __init__
    self.service.start()
  File "C:\Users\Romeo\AppData\Local\Packages\PythonSoftwareFoundation.Python.3.11_qbz5n2kfra8p0\LocalCache\local-packages\Python311\site-packages\selenium\webdriver\common\service.py", line 105, in start
    self._start_process(self._path)
  File "C:\Users\Romeo\AppData\Local\Packages\PythonSoftwareFoundation.Python.3.11_qbz5n2kfra8p0\LocalCache\local-packages\Python311\site-packages\selenium\webdriver\common\service.py", line 206, in _start_process
    self.process = subprocess.Popen(
                   ^^^^^^^^^^^^^^^^^
  File "C:\Program Files\WindowsApps\PythonSoftwareFoundation.Python.3.11_3.11.2544.0_x64__qbz5n2kfra8p0\Lib\subprocess.py", line 1026, in __init__
    self._execute_child(args, executable, preexec_fn, close_fds,
  File "C:\Program Files\WindowsApps\PythonSoftwareFoundation.Python.3.11_3.11.2544.0_x64__qbz5n2kfra8p0\Lib\subprocess.py", line 1538, in _execute_child
    hp, ht, pid, tid = _winapi.CreateProcess(executable, args,
                       ^^^^^^^^^^^^^^^^^^^^^^^^^^^^^^^^^^^^^^^
OSError: [WinError 193] %1 n’est pas une application Win32 valide

-- Competition: {'sport': 'football', 'competition': 'ligue1'} --
-- Arbitrage on: 
betclic   : Lille - Auxerre @1.42/4.7/7.5
netbet    : Lille - Auxerre @1.43/4.5/7.25
(netbet    /betclic   /betclic   ) -4.54%
-- Arbitrage on: 
betclic   : Nice - Angers @1.35/5.2/8.7
netbet    : Nice - Angers @1.35/5.1/8.5
(betclic   /betclic   /betclic   ) -4.80%
-- Arbitrage on: 
betclic   : Brest - Lens @2.34/3.4/3.05
netbet    : Brest - Lens @2.35/3.35/3.05
(netbet    /betclic   /betclic   ) -4.75%
-- Arbitrage on: 
betclic   : Reims - Toulouse @3.28/3.3/2.26
netbet    : Reims - Toulouse @3.25/3.3/2.22
(betclic   /betclic   /betclic   ) -5.04%
-- Arbitrage on: 
betclic   : Saint-Etienne - Lyon @4.58/4.43/1.65
netbet    : Saint-Étienne - Lyon @4.6/4.3/1.65
(netbet    /betclic   /betclic   ) -4.92%
-- Arbitrage on: 
betclic   : Nantes - Paris SG @7.45/5.7/1.33
netbet    : Nantes - Paris SG @7.25/5.4/1.35
(betclic   /betclic   /netbet    ) -5.04%
-- Arbitrage on: 
betclic   : Paris SG - Nice @1.41/4.88/6.05
(betclic   /betclic   /betclic   ) -7.94%
-- Arbitrage on: 
betclic   : Strasbourg - Saint-Etienne @1.57/4.32/4.75
(betclic   /betclic   /betclic   ) -7.90%
-- Arbitrage on: 
betclic   : Le Havre - Monaco @5.95/4.85/1.42
netbet    : Le Havre - Monaco @6.1/4.9/1.43
(netbet    /netbet    /netbet    ) -6.73%
-- Arbitrage on: 
betclic   : Lyon - Rennes @1.7/4.02/4.12
(betclic   /betclic   /betclic   ) -7.97%
-- Arbitrage on: 
betclic   : Angers - Lille @4.62/3.72/1.66
(betclic   /betclic   /betclic   ) -8.77%
-- Arbitrage on: 
betclic   : Lens - Auxerre @1.65/3.82/4.47
(betclic   /betclic   /betclic   ) -9.16%
-- Arbitrage on: 
betclic   : Montpellier - Reims @3.85/3.55/1.83
(betclic   /betclic   /betclic   ) -8.79%
-- Arbitrage on: 
betclic   : Nantes - Toulouse @3.03/3.25/2.21
(betclic   /betclic   /betclic   ) -9.02%
-- Arbitrage on: 
betclic   : Marseille - Brest @1.56/4.08/4.87
(betclic   /betclic   /betclic   ) -9.15%
Cannot crawl winamax: Traceback (most recent call last):
  File "d:\Users\Romeo\Documents\VSCode\Projet\src\Arbitrage\main.py", line 26, in <module>
    bookmakers['winamax'] = winamax.get_games(competition)
                            ^^^^^^^^^^^^^^^^^^^^^^^^^^^^^^
  File "d:\Users\Romeo\Documents\VSCode\Projet\src\Arbitrage\bookmakers\winamax.py", line 47, in get_games
    json = get_json(competition)
           ^^^^^^^^^^^^^^^^^^^^^
  File "d:\Users\Romeo\Documents\VSCode\Projet\src\Arbitrage\bookmakers\winamax.py", line 37, in get_json
    split1 = html.split("var PRELOADED_STATE = ")[1]
             ~~~~~~~~~~~~~~~~~~~~~~~~~~~~~~~~~~~~^^^
IndexError: list index out of range

pmu: []
betclic: [{'team1': 'Real Valladolid', 'team2': 'Osasuna', 'odds': [4.6, 3.52, 1.79]}, {'team1': 'Villarreal', 'team2': 'Real Sociedad', 'odds': [1.7, 3.83, 4.75]}, {'team1': 'Séville', 'team2': 'Alaves', 'odds': [1.99, 3.1, 4.25]}, {'team1': 'Real Madrid', 'team2': 'Athletic Bilbao', 'odds': [1.64, 3.98, 5]}, {'team1': 'Gérone', 'team2': 'Betis', 'odds': [2.82, 3.33, 2.41]}, {'team1': 'Valence', 'team2': 'Espanyol', 'odds': [1.69, 3.62, 4.9]}, {'team1': 'Barcelone', 'team2': 'Majorque', 'odds': [1.22, 6.3, 10.75]}, {'team1': 'Athletic Bilbao', 'team2': 'Las Palmas', 'odds': [1.31, 5.1, 8.3]}, {'team1': 'Celta Vigo', 'team2': 'Villarreal', 'odds': [2.36, 3.33, 2.81]}, {'team1': 'Alaves', 'team2': 'Real Sociedad', 'odds': [2.3, 2.98, 3.23]}, {'team1': 'Getafe', 'team2': 'Real Madrid', 'odds': [4.37, 3.63, 1.74]}, {'team1': 'Osasuna', 'team2': 'Séville', 'odds': [2.56, 2.98, 2.75]}, {'team1': 'Leganes', 'team2': 'Gérone', 'odds': [2.45, 3.07, 2.81]}, {'team1': 'Betis', 'team2': 'Real Valladolid', 'odds': [1.21, 5.9, 10.75]}, {'team1': 'Atlético Madrid', 'team2': 'Rayo Vallecano', 'odds': [1.55, 3.75, 5.55]}, {'team1': 'Villarreal', 'team2': 'Espanyol', 'odds': [1.39, 4.35, 6.2]}]
zebet: [{'team1': 'Valladolid', 'team2': 'Osasuna', 'odds': [4.65, 3.55, 1.77]}, {'team1': 'Villarreal', 'team2': 'Real Sociedad', 'odds': [1.7, 3.8, 4.75]}, {'team1': 'FC Séville', 'team2': 'Alaves', 'odds': [1.96, 3.15, 4.3]}, {'team1': 'Real Madrid', 'team2': 'Ath. Bilbao', 'odds': [1.62, 4.1, 5.1]}, {'team1': 'Gérone', 'team2': 'Betis Séville', 'odds': [2.85, 3.4, 2.35]}, {'team1': 'CF Valence', 'team2': 'Espanyol', 'odds': [1.65, 3.65, 4.95]}, {'team1': 'FC Barcelone', 'team2': 'Majorque', 'odds': [1.2, 6.4, 11.0]}, {'team1': 'Ath. Bilbao', 'team2': 'Las Palmas', 'odds': [1.29, 5.3, 8.6]}, {'team1': 'Celta Vigo', 'team2': 'Villarreal', 'odds': [2.3, 3.4, 2.85]}, {'team1': 'Getafe', 'team2': 'Real Madrid', 'odds': [4.45, 3.7, 1.7]}, {'team1': 'Alaves', 'team2': 'Real Sociedad', 'odds': [2.25, 3.05, 3.3]}, {'team1': 'CD Leganes', 'team2': 'Gérone', 'odds': [2.4, 3.1, 2.85]}, {'team1': 'Osasuna', 'team2': 'FC Séville', 'odds': [2.5, 3.0, 2.8]}, {'team1': 'Atl. Madrid', 'team2': 'Rayo Vallecano', 'odds': [1.53, 3.85, 5.7]}, {'team1': 'Betis Séville', 'team2': 'Valladolid', 'odds': [1.2, 6.1, 11.0]}, {'team1': 'Villarreal', 'team2': 'Espanyol', 'odds': [1.38, 4.4, 6.3]}]
netbet: [{'team1': 'Valladolid', 'team2': 'Osasuna', 'odds': [4.6, 3.45, 1.75]}, {'team1': 'Villarreal', 'team2': 'Real Sociedad', 'odds': [1.72, 3.75, 4.7]}, {'team1': 'Séville', 'team2': 'Alaves', 'odds': [1.97, 3.05, 4.3]}, {'team1': 'Real Madrid', 'team2': 'Athletic Bilbao', 'odds': [1.61, 3.95, 5.2]}, {'team1': 'Gérone', 'team2': 'Betis', 'odds': [2.8, 3.3, 2.42]}, {'team1': 'Valence', 'team2': 'Espanyol Barcelone', 'odds': [1.68, 3.6, 4.9]}, {'team1': 'FC Barcelone', 'team2': 'Majorque', 'odds': [1.2, 6.5, 11.5]}, {'team1': 'Atlético Madrid', 'team2': 'Rayo Vallecano', 'odds': [1.57, 3.8, 5.7]}]
Cannot crawl unibet: Traceback (most recent call last):
  File "d:\Users\Romeo\Documents\VSCode\Projet\src\Arbitrage\main.py", line 61, in <module>
    bookmakers['unibet'] = unibet.get_games(competition)
                           ^^^^^^^^^^^^^^^^^^^^^^^^^^^^^
  File "d:\Users\Romeo\Documents\VSCode\Projet\src\Arbitrage\bookmakers\unibet.py", line 50, in get_games
    html = get_page(competition)
           ^^^^^^^^^^^^^^^^^^^^^
  File "d:\Users\Romeo\Documents\VSCode\Projet\src\Arbitrage\bookmakers\unibet.py", line 36, in get_page
    driver = webdriver.Chrome(service = ChromeService(
            ^^^^^^^^^^^^^^^^^^^^^^^^^^^^^^^^^^^^^^^^^
  File "C:\Users\Romeo\AppData\Local\Packages\PythonSoftwareFoundation.Python.3.11_qbz5n2kfra8p0\LocalCache\local-packages\Python311\site-packages\selenium\webdriver\chrome\webdriver.py", line 45, in __init__
    super().__init__(
  File "C:\Users\Romeo\AppData\Local\Packages\PythonSoftwareFoundation.Python.3.11_qbz5n2kfra8p0\LocalCache\local-packages\Python311\site-packages\selenium\webdriver\chromium\webdriver.py", line 53, in __init__
    self.service.start()
  File "C:\Users\Romeo\AppData\Local\Packages\PythonSoftwareFoundation.Python.3.11_qbz5n2kfra8p0\LocalCache\local-packages\Python311\site-packages\selenium\webdriver\common\service.py", line 105, in start
    self._start_process(self._path)
  File "C:\Users\Romeo\AppData\Local\Packages\PythonSoftwareFoundation.Python.3.11_qbz5n2kfra8p0\LocalCache\local-packages\Python311\site-packages\selenium\webdriver\common\service.py", line 206, in _start_process
    self.process = subprocess.Popen(
                   ^^^^^^^^^^^^^^^^^
  File "C:\Program Files\WindowsApps\PythonSoftwareFoundation.Python.3.11_3.11.2544.0_x64__qbz5n2kfra8p0\Lib\subprocess.py", line 1026, in __init__
    self._execute_child(args, executable, preexec_fn, close_fds,
  File "C:\Program Files\WindowsApps\PythonSoftwareFoundation.Python.3.11_3.11.2544.0_x64__qbz5n2kfra8p0\Lib\subprocess.py", line 1538, in _execute_child
    hp, ht, pid, tid = _winapi.CreateProcess(executable, args,
                       ^^^^^^^^^^^^^^^^^^^^^^^^^^^^^^^^^^^^^^^
OSError: [WinError 193] %1 n’est pas une application Win32 valide

-- Competition: {'sport': 'football', 'competition': 'liga'} --
-- Arbitrage on: 
betclic   : Real Valladolid - Osasuna @4.6/3.52/1.79
(betclic   /betclic   /betclic   ) -6.01%
-- Arbitrage on: 
betclic   : Villarreal - Real Sociedad @1.7/3.83/4.75
zebet     : Villarreal - Real Sociedad @1.7/3.8/4.75
netbet    : Villarreal - Real Sociedad @1.72/3.75/4.7
(netbet    /betclic   /betclic   ) -5.30%
-- Arbitrage on: 
betclic   : Séville - Alaves @1.99/3.1/4.25
zebet     : FC Séville - Alaves @1.96/3.15/4.3
netbet    : Séville - Alaves @1.97/3.05/4.3
(betclic   /zebet     /zebet     ) -5.25%
-- Arbitrage on: 
betclic   : Real Madrid - Athletic Bilbao @1.64/3.98/5
netbet    : Real Madrid - Athletic Bilbao @1.61/3.95/5.2
(betclic   /betclic   /netbet    ) -5.33%
-- Arbitrage on: 
betclic   : Gérone - Betis @2.82/3.33/2.41
netbet    : Gérone - Betis @2.8/3.3/2.42
(betclic   /betclic   /netbet    ) -6.81%
-- Arbitrage on: 
betclic   : Valence - Espanyol @1.69/3.62/4.9
zebet     : CF Valence - Espanyol @1.65/3.65/4.95
(betclic   /zebet     /zebet     ) -6.77%
-- Arbitrage on: 
betclic   : Barcelone - Majorque @1.22/6.3/10.75
zebet     : FC Barcelone - Majorque @1.2/6.4/11.0
netbet    : FC Barcelone - Majorque @1.2/6.5/11.5
(betclic   /netbet    /netbet    ) -6.05%
-- Arbitrage on: 
betclic   : Athletic Bilbao - Las Palmas @1.31/5.1/8.3
(betclic   /betclic   /betclic   ) -7.99%
-- Arbitrage on: 
betclic   : Celta Vigo - Villarreal @2.36/3.33/2.81
zebet     : Celta Vigo - Villarreal @2.3/3.4/2.85
(betclic   /zebet     /zebet     ) -6.87%
-- Arbitrage on: 
betclic   : Alaves - Real Sociedad @2.3/2.98/3.23
zebet     : Alaves - Real Sociedad @2.25/3.05/3.3
(betclic   /zebet     /zebet     ) -6.57%
-- Arbitrage on: 
betclic   : Getafe - Real Madrid @4.37/3.63/1.74
zebet     : Getafe - Real Madrid @4.45/3.7/1.7
(zebet     /zebet     /betclic   ) -6.97%
-- Arbitrage on: 
betclic   : Osasuna - Séville @2.56/2.98/2.75
zebet     : Osasuna - FC Séville @2.5/3.0/2.8
(betclic   /zebet     /zebet     ) -8.11%
-- Arbitrage on: 
betclic   : Leganes - Gérone @2.45/3.07/2.81
zebet     : CD Leganes - Gérone @2.4/3.1/2.85
(betclic   /zebet     /zebet     ) -8.16%
-- Arbitrage on: 
betclic   : Betis - Real Valladolid @1.21/5.9/10.75
(betclic   /betclic   /betclic   ) -8.90%
-- Arbitrage on: 
betclic   : Atlético Madrid - Rayo Vallecano @1.55/3.75/5.55
netbet    : Atlético Madrid - Rayo Vallecano @1.57/3.8/5.7
(netbet    /netbet    /netbet    ) -7.55%
-- Arbitrage on: 
betclic   : Villarreal - Espanyol @1.39/4.35/6.2
zebet     : Villarreal - Espanyol @1.38/4.4/6.3
(betclic   /zebet     /zebet     ) -10.54%
Cannot crawl winamax: Traceback (most recent call last):
  File "d:\Users\Romeo\Documents\VSCode\Projet\src\Arbitrage\main.py", line 26, in <module>
    bookmakers['winamax'] = winamax.get_games(competition)
                            ^^^^^^^^^^^^^^^^^^^^^^^^^^^^^^
  File "d:\Users\Romeo\Documents\VSCode\Projet\src\Arbitrage\bookmakers\winamax.py", line 47, in get_games
    json = get_json(competition)
           ^^^^^^^^^^^^^^^^^^^^^
  File "d:\Users\Romeo\Documents\VSCode\Projet\src\Arbitrage\bookmakers\winamax.py", line 37, in get_json
    split1 = html.split("var PRELOADED_STATE = ")[1]
             ~~~~~~~~~~~~~~~~~~~~~~~~~~~~~~~~~~~~^^^
IndexError: list index out of range

pmu: []
betclic: [{'team1': 'Augsbourg', 'team2': 'Eintracht Francfort', 'odds': [2.49, 3.37, 2.76]}, {'team1': 'Borussia Dortmund', 'team2': "Borussia M'gladbach", 'odds': [1.38, 5.4, 6.6]}, {'team1': 'FC St. Pauli', 'team2': 'Bayer Leverkusen', 'odds': [5.25, 3.8, 1.65]}, {'team1': 'Stuttgart', 'team2': 'Heidenheim', 'odds': [1.47, 4.37, 5.25]}, {'team1': 'Bayer Leverkusen', 'team2': 'Augsbourg', 'odds': [1.31, 4.68, 8.1]}, {'team1': 'Holstein Kiel', 'team2': "Borussia M'gladbach", 'odds': [2.83, 3.67, 2.11]}, {'team1': 'Wolfsburg', 'team2': 'Fribourg', 'odds': [2.13, 3.48, 2.93]}, {'team1': 'Hoffenheim', 'team2': 'Borussia Dortmund', 'odds': [3.48, 3.9, 1.8]}, {'team1': 'Bayern Munich', 'team2': 'Mayence', 'odds': [1.19, 6.15, 10]}, {'team1': 'Eintracht Francfort', 'team2': 'RB Leipzig', 'odds': [2.25, 3.65, 2.62]}, {'team1': 'Bochum', 'team2': 'Union Berlin', 'odds': [2.28, 3.25, 2.75]}, {'team1': 'Werder Brême', 'team2': 'FC St. Pauli', 'odds': [1.91, 3.42, 3.4]}]
zebet: []
netbet: [{'team1': 'Augsbourg', 'team2': 'Eintracht Francfort', 'odds': [2.52, 3.3, 2.72]}, {'team1': 'Borussia Dortmund', 'team2': 'Borussia Mönchengladbach', 'odds': [1.37, 5.5, 6.75]}, {'team1': 'St. Pauli', 'team2': 'Bayer Leverkusen', 'odds': [5.3, 3.8, 1.63]}, {'team1': 'Stuttgart', 'team2': 'Heidenheim', 'odds': [1.5, 4.5, 5.4]}]
Cannot crawl unibet: Traceback (most recent call last):
  File "d:\Users\Romeo\Documents\VSCode\Projet\src\Arbitrage\main.py", line 61, in <module>
    bookmakers['unibet'] = unibet.get_games(competition)
                           ^^^^^^^^^^^^^^^^^^^^^^^^^^^^^
  File "d:\Users\Romeo\Documents\VSCode\Projet\src\Arbitrage\bookmakers\unibet.py", line 50, in get_games
    html = get_page(competition)
           ^^^^^^^^^^^^^^^^^^^^^
  File "d:\Users\Romeo\Documents\VSCode\Projet\src\Arbitrage\bookmakers\unibet.py", line 36, in get_page
    driver = webdriver.Chrome(service = ChromeService(
            ^^^^^^^^^^^^^^^^^^^^^^^^^^^^^^^^^^^^^^^^^
  File "C:\Users\Romeo\AppData\Local\Packages\PythonSoftwareFoundation.Python.3.11_qbz5n2kfra8p0\LocalCache\local-packages\Python311\site-packages\selenium\webdriver\chrome\webdriver.py", line 45, in __init__
    super().__init__(
  File "C:\Users\Romeo\AppData\Local\Packages\PythonSoftwareFoundation.Python.3.11_qbz5n2kfra8p0\LocalCache\local-packages\Python311\site-packages\selenium\webdriver\chromium\webdriver.py", line 53, in __init__
    self.service.start()
  File "C:\Users\Romeo\AppData\Local\Packages\PythonSoftwareFoundation.Python.3.11_qbz5n2kfra8p0\LocalCache\local-packages\Python311\site-packages\selenium\webdriver\common\service.py", line 105, in start
    self._start_process(self._path)
  File "C:\Users\Romeo\AppData\Local\Packages\PythonSoftwareFoundation.Python.3.11_qbz5n2kfra8p0\LocalCache\local-packages\Python311\site-packages\selenium\webdriver\common\service.py", line 206, in _start_process
    self.process = subprocess.Popen(
                   ^^^^^^^^^^^^^^^^^
  File "C:\Program Files\WindowsApps\PythonSoftwareFoundation.Python.3.11_3.11.2544.0_x64__qbz5n2kfra8p0\Lib\subprocess.py", line 1026, in __init__
    self._execute_child(args, executable, preexec_fn, close_fds,
  File "C:\Program Files\WindowsApps\PythonSoftwareFoundation.Python.3.11_3.11.2544.0_x64__qbz5n2kfra8p0\Lib\subprocess.py", line 1538, in _execute_child
    hp, ht, pid, tid = _winapi.CreateProcess(executable, args,
                       ^^^^^^^^^^^^^^^^^^^^^^^^^^^^^^^^^^^^^^^
OSError: [WinError 193] %1 n’est pas une application Win32 valide

-- Competition: {'sport': 'football', 'competition': 'bundesliga'} --
-- Arbitrage on: 
betclic   : Augsbourg - Eintracht Francfort @2.49/3.37/2.76
netbet    : Augsbourg - Eintracht Francfort @2.52/3.3/2.72
(netbet    /betclic   /betclic   ) -5.59%
-- Arbitrage on: 
betclic   : Borussia Dortmund - Borussia M'gladbach @1.38/5.4/6.6
netbet    : Borussia Dortmund - Borussia Mönchengladbach @1.37/5.5/6.75
(betclic   /netbet    /netbet    ) -5.46%
-- Arbitrage on: 
betclic   : FC St. Pauli - Bayer Leverkusen @5.25/3.8/1.65
netbet    : St. Pauli - Bayer Leverkusen @5.3/3.8/1.63
(netbet    /betclic   /betclic   ) -5.79%
-- Arbitrage on: 
betclic   : Stuttgart - Heidenheim @1.47/4.37/5.25
netbet    : Stuttgart - Heidenheim @1.5/4.5/5.4
(netbet    /netbet    /netbet    ) -7.41%
-- Arbitrage on: 
betclic   : Bayer Leverkusen - Augsbourg @1.31/4.68/8.1
(betclic   /betclic   /betclic   ) -10.05%
-- Arbitrage on: 
betclic   : Holstein Kiel - Borussia M'gladbach @2.83/3.67/2.11
(betclic   /betclic   /betclic   ) -9.98%
-- Arbitrage on: 
betclic   : Wolfsburg - Fribourg @2.13/3.48/2.93
(betclic   /betclic   /betclic   ) -9.81%
-- Arbitrage on: 
betclic   : Hoffenheim - Borussia Dortmund @3.48/3.9/1.8
(betclic   /betclic   /betclic   ) -9.93%
-- Arbitrage on: 
betclic   : Bayern Munich - Mayence @1.19/6.15/10
(betclic   /betclic   /betclic   ) -10.29%
-- Arbitrage on: 
betclic   : Eintracht Francfort - RB Leipzig @2.25/3.65/2.62
(betclic   /betclic   /betclic   ) -10.01%
-- Arbitrage on: 
betclic   : Bochum - Union Berlin @2.28/3.25/2.75
(betclic   /betclic   /betclic   ) -10.99%
-- Arbitrage on: 
betclic   : Werder Brême - FC St. Pauli @1.91/3.42/3.4
(betclic   /betclic   /betclic   ) -11.01%
Cannot crawl winamax: Traceback (most recent call last):
  File "d:\Users\Romeo\Documents\VSCode\Projet\src\Arbitrage\main.py", line 26, in <module>
    bookmakers['winamax'] = winamax.get_games(competition)
                            ^^^^^^^^^^^^^^^^^^^^^^^^^^^^^^
  File "d:\Users\Romeo\Documents\VSCode\Projet\src\Arbitrage\bookmakers\winamax.py", line 47, in get_games
    json = get_json(competition)
           ^^^^^^^^^^^^^^^^^^^^^
  File "d:\Users\Romeo\Documents\VSCode\Projet\src\Arbitrage\bookmakers\winamax.py", line 37, in get_json
    split1 = html.split("var PRELOADED_STATE = ")[1]
             ~~~~~~~~~~~~~~~~~~~~~~~~~~~~~~~~~~~~^^^
IndexError: list index out of range

pmu: []
betclic: [{'team1': 'Fulham', 'team2': 'Chelsea', 'odds': [2.87, 3.5, 2.35]}, {'team1': 'Ipswich', 'team2': 'Arsenal', 'odds': [7.35, 4.73, 1.4]}, {'team1': 'Manchester United', 'team2': 'Wolverhampton', 'odds': [2.35, 3.37, 2.96]}, {'team1': 'Leicester', 'team2': 'Liverpool', 'odds': [12, 6.9, 1.2]}, {'team1': 'Tottenham', 'team2': 'Nottingham Forest', 'odds': [2.48, 3.58, 2.57]}, {'team1': 'Manchester City', 'team2': 'Aston Villa', 'odds': [1.84, 3.95, 3.63]}, {'team1': 'Arsenal', 'team2': 'Crystal Palace', 'odds': [1.46, 4.25, 6.3]}, {'team1': 'Chelsea', 'team2': 'Everton', 'odds': [1.63, 3.63, 4.7]}, {'team1': 'Newcastle', 'team2': 'Ipswich', 'odds': [1.21, 5.75, 9.75]}, {'team1': 'Wolverhampton', 'team2': 'Leicester', 'odds': [1.55, 3.87, 5.1]}, {'team1': 'Brighton', 'team2': 'West Ham', 'odds': [1.59, 3.92, 4.63]}, {'team1': 'Southampton', 'team2': 'Fulham', 'odds': [5.05, 4, 1.54]}, {'team1': 'Bournemouth', 'team2': 'Manchester United', 'odds': [1.7, 3.75, 3.9]}, {'team1': 'Liverpool', 'team2': 'Tottenham', 'odds': [1.31, 5.2, 6.6]}, {'team1': 'Nottingham Forest', 'team2': 'Brentford', 'odds': [2.06, 3.3, 2.92]}]
zebet: [{'team1': 'Ipswich', 'team2': 'Arsenal', 'odds': [7.5, 4.85, 1.39]}, {'team1': 'Man. United', 'team2': 'Wolverhampton', 'odds': [2.35, 3.35, 2.95]}, {'team1': 'Fulham', 'team2': 'Chelsea', 'odds': [2.9, 3.55, 2.3]}, {'team1': 'Leicester', 'team2': 'Liverpool', 'odds': [12.0, 6.8, 1.21]}, {'team1': 'Tottenham', 'team2': 'Nottingham F.', 'odds': [2.45, 3.65, 2.6]}, {'team1': 'Man. City', 'team2': 'Aston Villa', 'odds': [1.8, 4.0, 3.65]}, {'team1': 'Arsenal', 'team2': 'Crystal Palace', 'odds': [1.44, 4.35, 6.5]}, {'team1': 'Chelsea', 'team2': 'Everton', 'odds': [1.61, 3.7, 4.8]}, {'team1': 'Southampton', 'team2': 'Fulham', 'odds': [5.2, 4.1, 1.51]}, {'team1': 'Newcastle', 'team2': 'Ipswich', 'odds': [1.2, 6.0, 10.0]}, {'team1': 'Wolverhampton', 'team2': 'Leicester', 'odds': [1.53, 3.95, 5.2]}, {'team1': 'Brighton Hove', 'team2': 'West Ham', 'odds': [1.56, 4.0, 4.75]}, {'team1': 'Bournemouth', 'team2': 'Man. United', 'odds': [1.69, 3.75, 3.95]}, {'team1': 'Liverpool', 'team2': 'Tottenham', 'odds': [1.3, 5.2, 6.7]}, {'team1': 'Nottingham F.', 'team2': 'Brentford', 'odds': [2.05, 3.3, 2.95]}]
Cannot crawl netbet: Traceback (most recent call last):
  File "d:\Users\Romeo\Documents\VSCode\Projet\src\Arbitrage\main.py", line 54, in <module>
    bookmakers['netbet'] = netbet.get_games(competition)
                           ^^^^^^^^^^^^^^^^^^^^^^^^^^^^^
  File "d:\Users\Romeo\Documents\VSCode\Projet\src\Arbitrage\bookmakers\netbet.py", line 68, in get_games
    o = float(od.text)
        ^^^^^^^^^^^^^^
ValueError: could not convert string to float: '\n    -\n  '

Cannot crawl unibet: Traceback (most recent call last):
  File "d:\Users\Romeo\Documents\VSCode\Projet\src\Arbitrage\main.py", line 61, in <module>
    bookmakers['unibet'] = unibet.get_games(competition)
                           ^^^^^^^^^^^^^^^^^^^^^^^^^^^^^
  File "d:\Users\Romeo\Documents\VSCode\Projet\src\Arbitrage\bookmakers\unibet.py", line 50, in get_games
    html = get_page(competition)
           ^^^^^^^^^^^^^^^^^^^^^
  File "d:\Users\Romeo\Documents\VSCode\Projet\src\Arbitrage\bookmakers\unibet.py", line 36, in get_page
    driver = webdriver.Chrome(service = ChromeService(
            ^^^^^^^^^^^^^^^^^^^^^^^^^^^^^^^^^^^^^^^^^
  File "C:\Users\Romeo\AppData\Local\Packages\PythonSoftwareFoundation.Python.3.11_qbz5n2kfra8p0\LocalCache\local-packages\Python311\site-packages\selenium\webdriver\chrome\webdriver.py", line 45, in __init__
    super().__init__(
  File "C:\Users\Romeo\AppData\Local\Packages\PythonSoftwareFoundation.Python.3.11_qbz5n2kfra8p0\LocalCache\local-packages\Python311\site-packages\selenium\webdriver\chromium\webdriver.py", line 53, in __init__
    self.service.start()
  File "C:\Users\Romeo\AppData\Local\Packages\PythonSoftwareFoundation.Python.3.11_qbz5n2kfra8p0\LocalCache\local-packages\Python311\site-packages\selenium\webdriver\common\service.py", line 105, in start
    self._start_process(self._path)
  File "C:\Users\Romeo\AppData\Local\Packages\PythonSoftwareFoundation.Python.3.11_qbz5n2kfra8p0\LocalCache\local-packages\Python311\site-packages\selenium\webdriver\common\service.py", line 206, in _start_process
    self.process = subprocess.Popen(
                   ^^^^^^^^^^^^^^^^^
  File "C:\Program Files\WindowsApps\PythonSoftwareFoundation.Python.3.11_3.11.2544.0_x64__qbz5n2kfra8p0\Lib\subprocess.py", line 1026, in __init__
    self._execute_child(args, executable, preexec_fn, close_fds,
  File "C:\Program Files\WindowsApps\PythonSoftwareFoundation.Python.3.11_3.11.2544.0_x64__qbz5n2kfra8p0\Lib\subprocess.py", line 1538, in _execute_child
    hp, ht, pid, tid = _winapi.CreateProcess(executable, args,
                       ^^^^^^^^^^^^^^^^^^^^^^^^^^^^^^^^^^^^^^^
OSError: [WinError 193] %1 n’est pas une application Win32 valide

-- Competition: {'sport': 'football', 'competition': 'premier-league'} --
-- Arbitrage on: 
betclic   : Fulham - Chelsea @2.87/3.5/2.35
zebet     : Fulham - Chelsea @2.9/3.55/2.3
(zebet     /zebet     /betclic   ) -5.20%
-- Arbitrage on: 
betclic   : Ipswich - Arsenal @7.35/4.73/1.4
zebet     : Ipswich - Arsenal @7.5/4.85/1.39
(zebet     /zebet     /betclic   ) -5.38%
-- Arbitrage on: 
betclic   : Manchester United - Wolverhampton @2.35/3.37/2.96
(betclic   /betclic   /betclic   ) -6.01%
-- Arbitrage on: 
betclic   : Leicester - Liverpool @12/6.9/1.2
zebet     : Leicester - Liverpool @12.0/6.8/1.21
(betclic   /betclic   /zebet     ) -5.47%
-- Arbitrage on: 
betclic   : Tottenham - Nottingham Forest @2.48/3.58/2.57
(betclic   /betclic   /betclic   ) -7.17%
-- Arbitrage on: 
betclic   : Manchester City - Aston Villa @1.84/3.95/3.63
(betclic   /betclic   /betclic   ) -7.21%
-- Arbitrage on: 
betclic   : Arsenal - Crystal Palace @1.46/4.25/6.3
zebet     : Arsenal - Crystal Palace @1.44/4.35/6.5
(betclic   /zebet     /zebet     ) -6.87%
-- Arbitrage on: 
betclic   : Chelsea - Everton @1.63/3.63/4.7
zebet     : Chelsea - Everton @1.61/3.7/4.8
(betclic   /zebet     /zebet     ) -9.21%
-- Arbitrage on: 
betclic   : Newcastle - Ipswich @1.21/5.75/9.75
zebet     : Newcastle - Ipswich @1.2/6.0/10.0
(betclic   /zebet     /zebet     ) -9.31%
-- Arbitrage on: 
betclic   : Wolverhampton - Leicester @1.55/3.87/5.1
zebet     : Wolverhampton - Leicester @1.53/3.95/5.2
(betclic   /zebet     /zebet     ) -9.06%
-- Arbitrage on: 
betclic   : Brighton - West Ham @1.59/3.92/4.63
(betclic   /betclic   /betclic   ) -10.00%
-- Arbitrage on: 
betclic   : Southampton - Fulham @5.05/4/1.54
zebet     : Southampton - Fulham @5.2/4.1/1.51
(zebet     /zebet     /betclic   ) -8.56%
-- Arbitrage on: 
betclic   : Bournemouth - Manchester United @1.7/3.75/3.9
(betclic   /betclic   /betclic   ) -11.13%
-- Arbitrage on: 
betclic   : Liverpool - Tottenham @1.31/5.2/6.6
zebet     : Liverpool - Tottenham @1.3/5.2/6.7
(betclic   /betclic   /zebet     ) -10.49%
-- Arbitrage on: 
betclic   : Nottingham Forest - Brentford @2.06/3.3/2.92
(betclic   /betclic   /betclic   ) -13.09%
Cannot crawl winamax: Traceback (most recent call last):
  File "d:\Users\Romeo\Documents\VSCode\Projet\src\Arbitrage\main.py", line 26, in <module>
    bookmakers['winamax'] = winamax.get_games(competition)
                            ^^^^^^^^^^^^^^^^^^^^^^^^^^^^^^
  File "d:\Users\Romeo\Documents\VSCode\Projet\src\Arbitrage\bookmakers\winamax.py", line 47, in get_games
    json = get_json(competition)
           ^^^^^^^^^^^^^^^^^^^^^
  File "d:\Users\Romeo\Documents\VSCode\Projet\src\Arbitrage\bookmakers\winamax.py", line 37, in get_json
    split1 = html.split("var PRELOADED_STATE = ")[1]
             ~~~~~~~~~~~~~~~~~~~~~~~~~~~~~~~~~~~~^^^
IndexError: list index out of range

pmu: []
betclic: [{'team1': 'Empoli', 'team2': 'Venezia', 'odds': [2.21, 3.05, 3.58]}, {'team1': 'Bologne', 'team2': 'Inter Milan', 'odds': [3.23, 3.15, 2.32]}, {'team1': 'Milan AC', 'team2': 'Atalanta', 'odds': [2.55, 3.5, 2.62]}, {'team1': 'Torino', 'team2': 'Udinese', 'odds': [2.39, 2.92, 3.33]}, {'team1': 'Cagliari', 'team2': 'Fiorentina', 'odds': [3.02, 3.08, 2.41]}, {'team1': 'Genoa', 'team2': 'Lazio', 'odds': [3.37, 3.1, 2.21]}, {'team1': 'Parme', 'team2': 'Juventus', 'odds': [4.53, 3.58, 1.75]}, {'team1': 'Atalanta', 'team2': 'Lecce', 'odds': [1.27, 5.1, 8.5]}, {'team1': 'Côme', 'team2': 'Genoa', 'odds': [1.86, 3.2, 4.02]}, {'team1': 'Inter Milan', 'team2': 'Roma', 'odds': [1.65, 3.67, 4.53]}, {'team1': 'Lazio', 'team2': 'Parme', 'odds': [1.49, 4.1, 5.35]}, {'team1': 'Venezia', 'team2': 'Milan AC', 'odds': [4.47, 3.8, 1.6]}, {'team1': 'Fiorentina', 'team2': 'Empoli', 'odds': [1.63, 3.45, 4.82]}, {'team1': 'Juventus', 'team2': 'Monza', 'odds': [1.17, 5.75, 12.25]}, {'team1': 'Naples', 'team2': 'Torino', 'odds': [1.43, 3.92, 6.4]}, {'team1': 'Udinese', 'team2': 'Bologne', 'odds': [3.93, 3.13, 1.86]}, {'team1': 'Hellas Vérone', 'team2': 'Cagliari', 'odds': [2.41, 2.86, 2.89]}]
zebet: [{'team1': 'Empoli', 'team2': 'Venezia FC', 'odds': [2.2, 3.05, 3.6]}, {'team1': 'Bologne', 'team2': 'Inter Milan', 'odds': [3.25, 3.15, 2.3]}, {'team1': 'Milan AC', 'team2': 'Atalanta', 'odds': [2.5, 3.55, 2.65]}, {'team1': 'Torino', 'team2': 'Udinese', 'odds': [2.35, 2.95, 3.4]}, {'team1': 'Cagliari', 'team2': 'Fiorentina', 'odds': [3.05, 3.15, 2.35]}, {'team1': 'Genoa', 'team2': 'Lazio Rome', 'odds': [3.45, 3.15, 2.15]}, {'team1': 'Parme', 'team2': 'Juventus Turin', 'odds': [4.6, 3.65, 1.73]}, {'team1': 'Atalanta', 'team2': 'Lecce', 'odds': [1.26, 5.4, 9.0]}, {'team1': 'Como 1907', 'team2': 'Genoa', 'odds': [1.82, 3.25, 4.1]}, {'team1': 'Inter Milan', 'team2': 'AS Rome', 'odds': [1.62, 3.75, 4.65]}, {'team1': 'Lazio Rome', 'team2': 'Parme', 'odds': [1.47, 4.2, 5.5]}, {'team1': 'Venezia FC', 'team2': 'Milan AC', 'odds': [4.5, 3.85, 1.59]}, {'team1': 'Fiorentina', 'team2': 'Empoli', 'odds': [1.62, 3.45, 4.85]}, {'team1': 'Juventus Turin', 'team2': 'AC Monza', 'odds': [1.17, 5.8, 12.5]}, {'team1': 'Naples', 'team2': 'Torino', 'odds': [1.42, 3.95, 6.5]}, {'team1': 'Udinese', 'team2': 'Bologne', 'odds': [3.95, 3.15, 1.85]}, {'team1': 'Hellas Vérone', 'team2': 'Cagliari', 'odds': [2.4, 2.9, 2.9]}]
netbet: [{'team1': 'Inter Milan', 'team2': 'Milan AC', 'odds': [1.7, 3.35, 3.8]}, {'team1': 'Bologne', 'team2': 'Empoli', 'odds': [1.33, 3.85, 7.0]}]
Cannot crawl unibet: Traceback (most recent call last):
  File "d:\Users\Romeo\Documents\VSCode\Projet\src\Arbitrage\main.py", line 61, in <module>
    bookmakers['unibet'] = unibet.get_games(competition)
                           ^^^^^^^^^^^^^^^^^^^^^^^^^^^^^
  File "d:\Users\Romeo\Documents\VSCode\Projet\src\Arbitrage\bookmakers\unibet.py", line 50, in get_games
    html = get_page(competition)
           ^^^^^^^^^^^^^^^^^^^^^
  File "d:\Users\Romeo\Documents\VSCode\Projet\src\Arbitrage\bookmakers\unibet.py", line 36, in get_page
    driver = webdriver.Chrome(service = ChromeService(
            ^^^^^^^^^^^^^^^^^^^^^^^^^^^^^^^^^^^^^^^^^
  File "C:\Users\Romeo\AppData\Local\Packages\PythonSoftwareFoundation.Python.3.11_qbz5n2kfra8p0\LocalCache\local-packages\Python311\site-packages\selenium\webdriver\chrome\webdriver.py", line 45, in __init__
    super().__init__(
  File "C:\Users\Romeo\AppData\Local\Packages\PythonSoftwareFoundation.Python.3.11_qbz5n2kfra8p0\LocalCache\local-packages\Python311\site-packages\selenium\webdriver\chromium\webdriver.py", line 53, in __init__
    self.service.start()
  File "C:\Users\Romeo\AppData\Local\Packages\PythonSoftwareFoundation.Python.3.11_qbz5n2kfra8p0\LocalCache\local-packages\Python311\site-packages\selenium\webdriver\common\service.py", line 105, in start
    self._start_process(self._path)
  File "C:\Users\Romeo\AppData\Local\Packages\PythonSoftwareFoundation.Python.3.11_qbz5n2kfra8p0\LocalCache\local-packages\Python311\site-packages\selenium\webdriver\common\service.py", line 206, in _start_process
    self.process = subprocess.Popen(
                   ^^^^^^^^^^^^^^^^^
  File "C:\Program Files\WindowsApps\PythonSoftwareFoundation.Python.3.11_3.11.2544.0_x64__qbz5n2kfra8p0\Lib\subprocess.py", line 1026, in __init__
    self._execute_child(args, executable, preexec_fn, close_fds,
  File "C:\Program Files\WindowsApps\PythonSoftwareFoundation.Python.3.11_3.11.2544.0_x64__qbz5n2kfra8p0\Lib\subprocess.py", line 1538, in _execute_child
    hp, ht, pid, tid = _winapi.CreateProcess(executable, args,
                       ^^^^^^^^^^^^^^^^^^^^^^^^^^^^^^^^^^^^^^^
OSError: [WinError 193] %1 n’est pas une application Win32 valide

-- Competition: {'sport': 'football', 'competition': 'serie-a'} --
-- Arbitrage on: 
betclic   : Empoli - Venezia @2.21/3.05/3.58
zebet     : Empoli - Venezia FC @2.2/3.05/3.6
(betclic   /betclic   /zebet     ) -5.81%
-- Arbitrage on: 
betclic   : Bologne - Inter Milan @3.23/3.15/2.32
zebet     : Bologne - Inter Milan @3.25/3.15/2.3
(zebet     /betclic   /betclic   ) -5.62%
-- Arbitrage on: 
betclic   : Milan AC - Atalanta @2.55/3.5/2.62
zebet     : Milan AC - Atalanta @2.5/3.55/2.65
(betclic   /zebet     /zebet     ) -5.12%
-- Arbitrage on: 
betclic   : Torino - Udinese @2.39/2.92/3.33
zebet     : Torino - Udinese @2.35/2.95/3.4
(betclic   /zebet     /zebet     ) -5.15%
-- Arbitrage on: 
betclic   : Cagliari - Fiorentina @3.02/3.08/2.41
zebet     : Cagliari - Fiorentina @3.05/3.15/2.35
(zebet     /zebet     /betclic   ) -6.03%
-- Arbitrage on: 
betclic   : Genoa - Lazio @3.37/3.1/2.21
(betclic   /betclic   /betclic   ) -7.18%
-- Arbitrage on: 
betclic   : Parme - Juventus @4.53/3.58/1.75
(betclic   /betclic   /betclic   ) -7.15%
-- Arbitrage on: 
betclic   : Atalanta - Lecce @1.27/5.1/8.5
zebet     : Atalanta - Lecce @1.26/5.4/9.0
(betclic   /zebet     /zebet     ) -8.37%
-- Arbitrage on: 
betclic   : Côme - Genoa @1.86/3.2/4.02
(betclic   /betclic   /betclic   ) -9.89%
-- Arbitrage on: 
betclic   : Inter Milan - Roma @1.65/3.67/4.53
(betclic   /betclic   /betclic   ) -9.93%
-- Arbitrage on: 
betclic   : Lazio - Parme @1.49/4.1/5.35
(betclic   /betclic   /betclic   ) -10.20%
-- Arbitrage on: 
betclic   : Venezia - Milan AC @4.47/3.8/1.6
zebet     : Venezia FC - Milan AC @4.5/3.85/1.59
(zebet     /zebet     /betclic   ) -10.70%
-- Arbitrage on: 
betclic   : Fiorentina - Empoli @1.63/3.45/4.82
zebet     : Fiorentina - Empoli @1.62/3.45/4.85
(betclic   /betclic   /zebet     ) -10.95%
-- Arbitrage on: 
betclic   : Juventus - Monza @1.17/5.75/12.25
(betclic   /betclic   /betclic   ) -11.02%
-- Arbitrage on: 
betclic   : Naples - Torino @1.43/3.92/6.4
zebet     : Naples - Torino @1.42/3.95/6.5
(betclic   /zebet     /zebet     ) -10.63%
-- Arbitrage on: 
betclic   : Udinese - Bologne @3.93/3.13/1.86
zebet     : Udinese - Bologne @3.95/3.15/1.85
(zebet     /zebet     /betclic   ) -10.83%
-- Arbitrage on: 
betclic   : Hellas Vérone - Cagliari @2.41/2.86/2.89
zebet     : Hellas Vérone - Cagliari @2.4/2.9/2.9
(betclic   /zebet     /zebet     ) -10.46%
Cannot crawl winamax: Traceback (most recent call last):
  File "d:\Users\Romeo\Documents\VSCode\Projet\src\Arbitrage\main.py", line 26, in <module>
    bookmakers['winamax'] = winamax.get_games(competition)
                            ^^^^^^^^^^^^^^^^^^^^^^^^^^^^^^
  File "d:\Users\Romeo\Documents\VSCode\Projet\src\Arbitrage\bookmakers\winamax.py", line 47, in get_games
    json = get_json(competition)
           ^^^^^^^^^^^^^^^^^^^^^
  File "d:\Users\Romeo\Documents\VSCode\Projet\src\Arbitrage\bookmakers\winamax.py", line 37, in get_json
    split1 = html.split("var PRELOADED_STATE = ")[1]
             ~~~~~~~~~~~~~~~~~~~~~~~~~~~~~~~~~~~~^^^
IndexError: list index out of range

pmu: []
betclic: [{'team1': 'Famalicao', 'team2': 'Sporting Braga', 'odds': [3.15, 3.3, 2]}, {'team1': 'Santa Clara', 'team2': 'Arouca', 'odds': [1.86, 3.2, 3.8]}, {'team1': 'Gil Vicente', 'team2': 'Sporting Farense', 'odds': [2.12, 3.07, 3.32]}, {'team1': 'Estrela', 'team2': 'FC Porto', 'odds': [6.2, 4.05, 1.45]}, {'team1': 'Moreirense', 'team2': 'Nacional Madère', 'odds': [2.01, 2.93, 3.68]}, {'team1': 'Vitoria Guimaraes', 'team2': 'Rio Ave FC', 'odds': [1.56, 3.7, 5.1]}, {'team1': 'Benfica', 'team2': 'AVS Futebol SAD', 'odds': [1.08, 8.75, 19.25]}, {'team1': 'Boavista', 'team2': 'Sporting Portugal', 'odds': [9.2, 5.35, 1.23]}]
zebet: [{'team1': 'Famalicao', 'team2': 'Braga', 'odds': [3.2, 3.2, 1.99]}, {'team1': 'Santa Clara', 'team2': 'Arouca', 'odds': [1.84, 3.05, 3.85]}, {'team1': 'Gil Vicente', 'team2': 'SC Farense', 'odds': [2.1, 2.95, 3.2]}, {'team1': 'CF Estrela', 'team2': 'FC Porto', 'odds': [5.8, 3.85, 1.43]}, {'team1': 'Moreirense', 'team2': 'CD Nacional', 'odds': [1.98, 2.9, 3.6]}, {'team1': 'Benfica', 'team2': 'AVS Futebol', 'odds': [1.07, 7.0, 18.0]}, {'team1': 'Guimaraes', 'team2': 'Rio Ave', 'odds': [1.54, 3.6, 4.95]}, {'team1': 'Boavista FC', 'team2': 'Sporting', 'odds': [8.8, 5.1, 1.22]}]
netbet: []
Cannot crawl unibet: Traceback (most recent call last):
  File "d:\Users\Romeo\Documents\VSCode\Projet\src\Arbitrage\main.py", line 61, in <module>
    bookmakers['unibet'] = unibet.get_games(competition)
                           ^^^^^^^^^^^^^^^^^^^^^^^^^^^^^
  File "d:\Users\Romeo\Documents\VSCode\Projet\src\Arbitrage\bookmakers\unibet.py", line 50, in get_games
    html = get_page(competition)
           ^^^^^^^^^^^^^^^^^^^^^
  File "d:\Users\Romeo\Documents\VSCode\Projet\src\Arbitrage\bookmakers\unibet.py", line 36, in get_page
    driver = webdriver.Chrome(service = ChromeService(
            ^^^^^^^^^^^^^^^^^^^^^^^^^^^^^^^^^^^^^^^^^
  File "C:\Users\Romeo\AppData\Local\Packages\PythonSoftwareFoundation.Python.3.11_qbz5n2kfra8p0\LocalCache\local-packages\Python311\site-packages\selenium\webdriver\chrome\webdriver.py", line 45, in __init__
    super().__init__(
  File "C:\Users\Romeo\AppData\Local\Packages\PythonSoftwareFoundation.Python.3.11_qbz5n2kfra8p0\LocalCache\local-packages\Python311\site-packages\selenium\webdriver\chromium\webdriver.py", line 53, in __init__
    self.service.start()
  File "C:\Users\Romeo\AppData\Local\Packages\PythonSoftwareFoundation.Python.3.11_qbz5n2kfra8p0\LocalCache\local-packages\Python311\site-packages\selenium\webdriver\common\service.py", line 105, in start
    self._start_process(self._path)
  File "C:\Users\Romeo\AppData\Local\Packages\PythonSoftwareFoundation.Python.3.11_qbz5n2kfra8p0\LocalCache\local-packages\Python311\site-packages\selenium\webdriver\common\service.py", line 206, in _start_process
    self.process = subprocess.Popen(
                   ^^^^^^^^^^^^^^^^^
  File "C:\Program Files\WindowsApps\PythonSoftwareFoundation.Python.3.11_3.11.2544.0_x64__qbz5n2kfra8p0\Lib\subprocess.py", line 1026, in __init__
    self._execute_child(args, executable, preexec_fn, close_fds,
  File "C:\Program Files\WindowsApps\PythonSoftwareFoundation.Python.3.11_3.11.2544.0_x64__qbz5n2kfra8p0\Lib\subprocess.py", line 1538, in _execute_child
    hp, ht, pid, tid = _winapi.CreateProcess(executable, args,
                       ^^^^^^^^^^^^^^^^^^^^^^^^^^^^^^^^^^^^^^^
OSError: [WinError 193] %1 n’est pas une application Win32 valide

-- Competition: {'sport': 'football', 'competition': 'primeira'} --
-- Arbitrage on: 
betclic   : Famalicao - Sporting Braga @3.15/3.3/2
(betclic   /betclic   /betclic   ) -12.05%
-- Arbitrage on: 
betclic   : Santa Clara - Arouca @1.86/3.2/3.8
zebet     : Santa Clara - Arouca @1.84/3.05/3.85
(betclic   /betclic   /zebet     ) -10.99%
-- Arbitrage on: 
betclic   : Gil Vicente - Sporting Farense @2.12/3.07/3.32
(betclic   /betclic   /betclic   ) -9.86%
-- Arbitrage on: 
betclic   : Estrela - FC Porto @6.2/4.05/1.45
zebet     : CF Estrela - FC Porto @5.8/3.85/1.43
(betclic   /betclic   /betclic   ) -9.79%
-- Arbitrage on: 
betclic   : Moreirense - Nacional Madère @2.01/2.93/3.68
(betclic   /betclic   /betclic   ) -11.05%
-- Arbitrage on: 
betclic   : Vitoria Guimaraes - Rio Ave FC @1.56/3.7/5.1
(betclic   /betclic   /betclic   ) -10.74%
-- Arbitrage on: 
betclic   : Benfica - AVS Futebol SAD @1.08/8.75/19.25
zebet     : Benfica - AVS Futebol @1.07/7.0/18.0
(betclic   /betclic   /betclic   ) -9.22%
-- Arbitrage on: 
betclic   : Boavista - Sporting Portugal @9.2/5.35/1.23
(betclic   /betclic   /betclic   ) -10.86%
Cannot crawl winamax: Traceback (most recent call last):
  File "d:\Users\Romeo\Documents\VSCode\Projet\src\Arbitrage\main.py", line 26, in <module>
    bookmakers['winamax'] = winamax.get_games(competition)
                            ^^^^^^^^^^^^^^^^^^^^^^^^^^^^^^
  File "d:\Users\Romeo\Documents\VSCode\Projet\src\Arbitrage\bookmakers\winamax.py", line 47, in get_games
    json = get_json(competition)
           ^^^^^^^^^^^^^^^^^^^^^
  File "d:\Users\Romeo\Documents\VSCode\Projet\src\Arbitrage\bookmakers\winamax.py", line 37, in get_json
    split1 = html.split("var PRELOADED_STATE = ")[1]
             ~~~~~~~~~~~~~~~~~~~~~~~~~~~~~~~~~~~~^^^
IndexError: list index out of range

pmu: []
betclic: [{'team1': 'Vasco da Gama', 'team2': 'Flamengo', 'odds': [12, 1.42, 2.95]}, {'team1': 'Gremio RS', 'team2': 'Internacional RS', 'odds': [3.07, 2.83, 2.38]}, {'team1': 'Juventude RS', 'team2': 'Mirassol', 'odds': [2.11, 2.99, 3.43]}, {'team1': 'Sao Paulo SP', 'team2': 'Santos', 'odds': [1.95, 3, 3.77]}, {'team1': 'Atletico Mineiro', 'team2': 'Botafogo', 'odds': [2.11, 3.05, 3.25]}, {'team1': 'Fluminense', 'team2': 'Vitoria BA', 'odds': [1.54, 3.58, 5.55]}, {'team1': 'Fortaleza CE', 'team2': 'Palmeiras', 'odds': [3.32, 2.85, 2.18]}, {'team1': 'Bragantino', 'team2': 'Cruzeiro', 'odds': [2.09, 3.2, 3.13]}, {'team1': 'Bahia Salvador BA', 'team2': 'Ceara CE', 'odds': [1.77, 3.2, 4.27]}, {'team1': 'Internacional RS', 'team2': 'Juventude RS', 'odds': [1.34, 3.8, 6.65]}, {'team1': 'Mirassol', 'team2': 'Atletico Mineiro', 'odds': [2.67, 3.02, 2.21]}, {'team1': 'Ceara CE', 'team2': 'Sao Paulo SP', 'odds': [2.19, 2.94, 2.76]}, {'team1': 'Sport Recife', 'team2': 'Fortaleza CE', 'odds': [2.68, 3.07, 2.17]}, {'team1': 'Botafogo', 'team2': 'Fluminense', 'odds': [2.02, 3.1, 2.93]}, {'team1': 'Flamengo', 'team2': 'Corinthians', 'odds': [1.44, 3.45, 5.65]}, {'team1': 'Palmeiras', 'team2': 'Bahia Salvador BA', 'odds': [1.52, 3.68, 4.35]}, {'team1': 'Cruzeiro', 'team2': 'Vasco da Gama', 'odds': [1.62, 3.42, 4]}, {'team1': 'Vitoria BA', 'team2': 'Gremio RS', 'odds': [2.25, 2.99, 2.62]}, {'team1': 'Santos', 'team2': 'Bragantino', 'odds': [1.58, 2.92, 4.92]}, {'team1': 'Sao Paulo SP', 'team2': 'Fortaleza CE', 'odds': [1.74, 2.91, 3.85]}, {'team1': 'Corinthians', 'team2': 'Internacional RS', 'odds': [2.12, 2.74, 2.91]}, {'team1': 'Fluminense', 'team2': 'Sport Recife', 'odds': [1.5, 3.22, 4.97]}, {'team1': 'Ceara CE', 'team2': 'Vitoria BA', 'odds': [1.66, 3.15, 3.87]}, {'team1': 'Bahia Salvador BA', 'team2': 'Botafogo', 'odds': [2.25, 2.78, 2.66]}, {'team1': 'Vasco da Gama', 'team2': 'Palmeiras', 'odds': [3.5, 3.12, 1.74]}, {'team1': 'Gremio RS', 'team2': 'Santos', 'odds': [1.66, 2.98, 4.13]}, {'team1': 'Cruzeiro', 'team2': 'Flamengo', 'odds': [2.66, 2.78, 2.25]}, {'team1': 'Bragantino', 'team2': 'Mirassol', 'odds': [1.61, 3.07, 4.27]}, {'team1': 'Juventude RS', 'team2': 'Atletico Mineiro', 'odds': [2.78, 2.8, 2.15]}]
zebet: [{'team1': 'Vasco De Gama', 'team2': 'Flamengo', 'odds': [10.5, 1.35, 2.7]}, {'team1': 'Gremio', 'team2': 'Internacional', 'odds': [3.05, 2.8, 2.3]}, {'team1': 'Juventude RS', 'team2': 'Mirassol SP', 'odds': [2.05, 2.95, 3.4]}, {'team1': 'Sao Paulo', 'team2': 'Santos', 'odds': [1.91, 3.0, 3.8]}, {'team1': 'Atletico MG', 'team2': 'Botafogo', 'odds': [2.05, 3.05, 3.25]}, {'team1': 'Fluminense', 'team2': 'Vitoria BA', 'odds': [1.51, 3.6, 5.6]}, {'team1': 'Fortaleza CE', 'team2': 'Palmeiras', 'odds': [3.35, 2.85, 2.15]}, {'team1': 'Bragantino SP', 'team2': 'Cruzeiro', 'odds': [2.0, 3.2, 3.1]}, {'team1': 'Bahia Salvador', 'team2': 'Ceara CE', 'odds': [1.72, 3.2, 4.25]}]
netbet: []
Cannot crawl unibet: Traceback (most recent call last):
  File "d:\Users\Romeo\Documents\VSCode\Projet\src\Arbitrage\main.py", line 61, in <module>
    bookmakers['unibet'] = unibet.get_games(competition)
                           ^^^^^^^^^^^^^^^^^^^^^^^^^^^^^
  File "d:\Users\Romeo\Documents\VSCode\Projet\src\Arbitrage\bookmakers\unibet.py", line 50, in get_games
    html = get_page(competition)
           ^^^^^^^^^^^^^^^^^^^^^
  File "d:\Users\Romeo\Documents\VSCode\Projet\src\Arbitrage\bookmakers\unibet.py", line 36, in get_page
    driver = webdriver.Chrome(service = ChromeService(
            ^^^^^^^^^^^^^^^^^^^^^^^^^^^^^^^^^^^^^^^^^
  File "C:\Users\Romeo\AppData\Local\Packages\PythonSoftwareFoundation.Python.3.11_qbz5n2kfra8p0\LocalCache\local-packages\Python311\site-packages\selenium\webdriver\chrome\webdriver.py", line 45, in __init__
    super().__init__(
  File "C:\Users\Romeo\AppData\Local\Packages\PythonSoftwareFoundation.Python.3.11_qbz5n2kfra8p0\LocalCache\local-packages\Python311\site-packages\selenium\webdriver\chromium\webdriver.py", line 53, in __init__
    self.service.start()
  File "C:\Users\Romeo\AppData\Local\Packages\PythonSoftwareFoundation.Python.3.11_qbz5n2kfra8p0\LocalCache\local-packages\Python311\site-packages\selenium\webdriver\common\service.py", line 105, in start
    self._start_process(self._path)
  File "C:\Users\Romeo\AppData\Local\Packages\PythonSoftwareFoundation.Python.3.11_qbz5n2kfra8p0\LocalCache\local-packages\Python311\site-packages\selenium\webdriver\common\service.py", line 206, in _start_process
    self.process = subprocess.Popen(
                   ^^^^^^^^^^^^^^^^^
  File "C:\Program Files\WindowsApps\PythonSoftwareFoundation.Python.3.11_3.11.2544.0_x64__qbz5n2kfra8p0\Lib\subprocess.py", line 1026, in __init__
    self._execute_child(args, executable, preexec_fn, close_fds,
  File "C:\Program Files\WindowsApps\PythonSoftwareFoundation.Python.3.11_3.11.2544.0_x64__qbz5n2kfra8p0\Lib\subprocess.py", line 1538, in _execute_child
    hp, ht, pid, tid = _winapi.CreateProcess(executable, args,
                       ^^^^^^^^^^^^^^^^^^^^^^^^^^^^^^^^^^^^^^^
OSError: [WinError 193] %1 n’est pas une application Win32 valide

-- Competition: {'sport': 'football', 'competition': 'serie-a-brasil'} --
-- Arbitrage on: 
betclic   : Vasco da Gama - Flamengo @12/1.42/2.95
zebet     : Vasco De Gama - Flamengo @10.5/1.35/2.7
(betclic   /betclic   /betclic   ) -12.65%
-- Arbitrage on: 
betclic   : Gremio RS - Internacional RS @3.07/2.83/2.38
(betclic   /betclic   /betclic   ) -9.93%
-- Arbitrage on: 
betclic   : Juventude RS - Mirassol @2.11/2.99/3.43
zebet     : Juventude RS - Mirassol SP @2.05/2.95/3.4
(betclic   /betclic   /betclic   ) -9.99%
-- Arbitrage on: 
betclic   : Sao Paulo SP - Santos @1.95/3/3.77
zebet     : Sao Paulo - Santos @1.91/3.0/3.8
(betclic   /betclic   /zebet     ) -10.93%
-- Arbitrage on: 
betclic   : Atletico Mineiro - Botafogo @2.11/3.05/3.25
(betclic   /betclic   /betclic   ) -10.95%
-- Arbitrage on: 
betclic   : Fluminense - Vitoria BA @1.54/3.58/5.55
zebet     : Fluminense - Vitoria BA @1.51/3.6/5.6
(betclic   /zebet     /zebet     ) -10.57%
-- Arbitrage on: 
betclic   : Fortaleza CE - Palmeiras @3.32/2.85/2.18
zebet     : Fortaleza CE - Palmeiras @3.35/2.85/2.15
(zebet     /betclic   /betclic   ) -10.81%
-- Arbitrage on: 
betclic   : Bragantino - Cruzeiro @2.09/3.2/3.13
zebet     : Bragantino SP - Cruzeiro @2.0/3.2/3.1
(betclic   /betclic   /betclic   ) -11.05%
-- Arbitrage on: 
betclic   : Bahia Salvador BA - Ceara CE @1.77/3.2/4.27
zebet     : Bahia Salvador - Ceara CE @1.72/3.2/4.25
(betclic   /betclic   /betclic   ) -11.17%
-- Arbitrage on: 
betclic   : Internacional RS - Juventude RS @1.34/3.8/6.65
(betclic   /betclic   /betclic   ) -15.98%
-- Arbitrage on: 
betclic   : Mirassol - Atletico Mineiro @2.67/3.02/2.21
(betclic   /betclic   /betclic   ) -15.81%
-- Arbitrage on: 
betclic   : Ceara CE - Sao Paulo SP @2.19/2.94/2.76
(betclic   /betclic   /betclic   ) -15.91%
-- Arbitrage on: 
betclic   : Sport Recife - Fortaleza CE @2.68/3.07/2.17
(betclic   /betclic   /betclic   ) -15.97%
-- Arbitrage on: 
betclic   : Botafogo - Fluminense @2.02/3.1/2.93
(betclic   /betclic   /betclic   ) -15.89%
-- Arbitrage on: 
betclic   : Flamengo - Corinthians @1.44/3.45/5.65
(betclic   /betclic   /betclic   ) -16.13%
-- Arbitrage on: 
betclic   : Palmeiras - Bahia Salvador BA @1.52/3.68/4.35
(betclic   /betclic   /betclic   ) -15.95%
-- Arbitrage on: 
betclic   : Cruzeiro - Vasco da Gama @1.62/3.42/4
(betclic   /betclic   /betclic   ) -15.97%
-- Arbitrage on: 
betclic   : Vitoria BA - Gremio RS @2.25/2.99/2.62
(betclic   /betclic   /betclic   ) -16.06%
-- Arbitrage on: 
betclic   : Santos - Bragantino @1.58/2.92/4.92
(betclic   /betclic   /betclic   ) -17.86%
-- Arbitrage on: 
betclic   : Sao Paulo SP - Fortaleza CE @1.74/2.91/3.85
(betclic   /betclic   /betclic   ) -17.81%
-- Arbitrage on: 
betclic   : Corinthians - Internacional RS @2.12/2.74/2.91
(betclic   /betclic   /betclic   ) -18.03%
-- Arbitrage on: 
betclic   : Fluminense - Sport Recife @1.5/3.22/4.97
(betclic   /betclic   /betclic   ) -17.84%
-- Arbitrage on: 
betclic   : Ceara CE - Vitoria BA @1.66/3.15/3.87
(betclic   /betclic   /betclic   ) -17.83%
-- Arbitrage on: 
betclic   : Bahia Salvador BA - Botafogo @2.25/2.78/2.66
(betclic   /betclic   /betclic   ) -18.01%
-- Arbitrage on: 
betclic   : Vasco da Gama - Palmeiras @3.5/3.12/1.74
(betclic   /betclic   /betclic   ) -18.09%
-- Arbitrage on: 
betclic   : Gremio RS - Santos @1.66/2.98/4.13
(betclic   /betclic   /betclic   ) -18.01%
-- Arbitrage on: 
betclic   : Cruzeiro - Flamengo @2.66/2.78/2.25
(betclic   /betclic   /betclic   ) -18.01%
-- Arbitrage on: 
betclic   : Bragantino - Mirassol @1.61/3.07/4.27
(betclic   /betclic   /betclic   ) -18.10%
-- Arbitrage on: 
betclic   : Juventude RS - Atletico Mineiro @2.78/2.8/2.15
(betclic   /betclic   /betclic   ) -18.20%
Cannot crawl winamax: Traceback (most recent call last):
  File "d:\Users\Romeo\Documents\VSCode\Projet\src\Arbitrage\main.py", line 26, in <module>
    bookmakers['winamax'] = winamax.get_games(competition)
                            ^^^^^^^^^^^^^^^^^^^^^^^^^^^^^^
  File "d:\Users\Romeo\Documents\VSCode\Projet\src\Arbitrage\bookmakers\winamax.py", line 47, in get_games
    json = get_json(competition)
           ^^^^^^^^^^^^^^^^^^^^^
  File "d:\Users\Romeo\Documents\VSCode\Projet\src\Arbitrage\bookmakers\winamax.py", line 37, in get_json
    split1 = html.split("var PRELOADED_STATE = ")[1]
             ~~~~~~~~~~~~~~~~~~~~~~~~~~~~~~~~~~~~^^^
IndexError: list index out of range

pmu: []
betclic: [{'team1': 'Sydney', 'team2': 'Newcastle Jets', 'odds': [1.58, 4.33, 4.22]}, {'team1': 'Central Coast Mariners', 'team2': 'Macarthur FC', 'odds': [2.77, 3.6, 2.05]}, {'team1': 'Brisbane Roar', 'team2': 'Adelaide United', 'odds': [2.84, 3.62, 2.03]}, {'team1': 'Macarthur FC', 'team2': 'Melbourne Victory', 'odds': [2.81, 3.53, 2]}, {'team1': 'Brisbane Roar', 'team2': 'Wellington Phoenix', 'odds': [1.95, 3.15, 3.05]}, {'team1': 'Newcastle Jets', 'team2': 'Western Sydney', 'odds': [2.65, 3.45, 2.03]}, {'team1': 'Melbourne City', 'team2': 'Adelaide United', 'odds': [1.71, 3.4, 3.57]}, {'team1': 'Auckland FC', 'team2': 'Perth Glory', 'odds': [1.25, 4.7, 6.7]}, {'team1': 'Western United FC', 'team2': 'Sydney', 'odds': [2.07, 3.57, 2.53]}]
zebet: [{'team1': 'Sydney FC', 'team2': 'Newcastle Utd', 'odds': [1.54, 4.25, 4.1]}, {'team1': 'Central Coast', 'team2': 'Macarthur FC', 'odds': [2.75, 3.55, 2.05]}, {'team1': 'Brisbane Roar', 'team2': 'Adelaide FC', 'odds': [2.75, 3.5, 1.98]}, {'team1': 'Macarthur FC', 'team2': 'Melbourne Vic', 'odds': [2.8, 3.5, 1.97]}]
netbet: [{'team1': 'Sydney FC', 'team2': 'Newcastle Jets', 'odds': [1.5, 4.2, 4.1]}, {'team1': 'Central Coast Mariners', 'team2': 'Macarthur Sydney', 'odds': [2.65, 3.5, 2.07]}, {'team1': 'Brisbane Roar Fc', 'team2': 'Adelaide United', 'odds': [2.8, 3.6, 1.95]}]
Cannot crawl unibet: Traceback (most recent call last):
  File "d:\Users\Romeo\Documents\VSCode\Projet\src\Arbitrage\main.py", line 61, in <module>
    bookmakers['unibet'] = unibet.get_games(competition)
                           ^^^^^^^^^^^^^^^^^^^^^^^^^^^^^
  File "d:\Users\Romeo\Documents\VSCode\Projet\src\Arbitrage\bookmakers\unibet.py", line 50, in get_games
    html = get_page(competition)
           ^^^^^^^^^^^^^^^^^^^^^
  File "d:\Users\Romeo\Documents\VSCode\Projet\src\Arbitrage\bookmakers\unibet.py", line 36, in get_page
    driver = webdriver.Chrome(service = ChromeService(
            ^^^^^^^^^^^^^^^^^^^^^^^^^^^^^^^^^^^^^^^^^
  File "C:\Users\Romeo\AppData\Local\Packages\PythonSoftwareFoundation.Python.3.11_qbz5n2kfra8p0\LocalCache\local-packages\Python311\site-packages\selenium\webdriver\chrome\webdriver.py", line 45, in __init__
    super().__init__(
  File "C:\Users\Romeo\AppData\Local\Packages\PythonSoftwareFoundation.Python.3.11_qbz5n2kfra8p0\LocalCache\local-packages\Python311\site-packages\selenium\webdriver\chromium\webdriver.py", line 53, in __init__
    self.service.start()
  File "C:\Users\Romeo\AppData\Local\Packages\PythonSoftwareFoundation.Python.3.11_qbz5n2kfra8p0\LocalCache\local-packages\Python311\site-packages\selenium\webdriver\common\service.py", line 105, in start
    self._start_process(self._path)
  File "C:\Users\Romeo\AppData\Local\Packages\PythonSoftwareFoundation.Python.3.11_qbz5n2kfra8p0\LocalCache\local-packages\Python311\site-packages\selenium\webdriver\common\service.py", line 206, in _start_process
    self.process = subprocess.Popen(
                   ^^^^^^^^^^^^^^^^^
  File "C:\Program Files\WindowsApps\PythonSoftwareFoundation.Python.3.11_3.11.2544.0_x64__qbz5n2kfra8p0\Lib\subprocess.py", line 1026, in __init__
    self._execute_child(args, executable, preexec_fn, close_fds,
  File "C:\Program Files\WindowsApps\PythonSoftwareFoundation.Python.3.11_3.11.2544.0_x64__qbz5n2kfra8p0\Lib\subprocess.py", line 1538, in _execute_child
    hp, ht, pid, tid = _winapi.CreateProcess(executable, args,
                       ^^^^^^^^^^^^^^^^^^^^^^^^^^^^^^^^^^^^^^^
OSError: [WinError 193] %1 n’est pas une application Win32 valide

-- Competition: {'sport': 'football', 'competition': 'a-league'} --
-- Arbitrage on: 
betclic   : Sydney - Newcastle Jets @1.58/4.33/4.22
(betclic   /betclic   /betclic   ) -10.08%
-- Arbitrage on: 
betclic   : Central Coast Mariners - Macarthur FC @2.77/3.6/2.05
(betclic   /betclic   /betclic   ) -12.66%
-- Arbitrage on: 
betclic   : Brisbane Roar - Adelaide United @2.84/3.62/2.03
netbet    : Brisbane Roar Fc - Adelaide United @2.8/3.6/1.95
(betclic   /betclic   /betclic   ) -12.10%
-- Arbitrage on: 
betclic   : Macarthur FC - Melbourne Victory @2.81/3.53/2
zebet     : Macarthur FC - Melbourne Vic @2.8/3.5/1.97
(betclic   /betclic   /betclic   ) -13.92%
-- Arbitrage on: 
betclic   : Brisbane Roar - Wellington Phoenix @1.95/3.15/3.05
(betclic   /betclic   /betclic   ) -15.81%
-- Arbitrage on: 
betclic   : Newcastle Jets - Western Sydney @2.65/3.45/2.03
(betclic   /betclic   /betclic   ) -15.98%
-- Arbitrage on: 
betclic   : Melbourne City - Adelaide United @1.71/3.4/3.57
(betclic   /betclic   /betclic   ) -15.90%
-- Arbitrage on: 
betclic   : Auckland FC - Perth Glory @1.25/4.7/6.7
(betclic   /betclic   /betclic   ) -16.20%
-- Arbitrage on: 
betclic   : Western United FC - Sydney @2.07/3.57/2.53
(betclic   /betclic   /betclic   ) -15.85%
Cannot crawl winamax: Traceback (most recent call last):
  File "d:\Users\Romeo\Documents\VSCode\Projet\src\Arbitrage\main.py", line 26, in <module>
    bookmakers['winamax'] = winamax.get_games(competition)
                            ^^^^^^^^^^^^^^^^^^^^^^^^^^^^^^
  File "d:\Users\Romeo\Documents\VSCode\Projet\src\Arbitrage\bookmakers\winamax.py", line 47, in get_games
    json = get_json(competition)
           ^^^^^^^^^^^^^^^^^^^^^
  File "d:\Users\Romeo\Documents\VSCode\Projet\src\Arbitrage\bookmakers\winamax.py", line 37, in get_json
    split1 = html.split("var PRELOADED_STATE = ")[1]
             ~~~~~~~~~~~~~~~~~~~~~~~~~~~~~~~~~~~~^^^
IndexError: list index out of range

pmu: []
betclic: [{'team1': 'Wolfsberger', 'team2': 'Rapid Vienne', 'odds': [2.44, 3.22, 2.64]}, {'team1': 'Sturm Graz', 'team2': 'FC Blau-Weiss Linz', 'odds': [1.53, 3.87, 5.3]}, {'team1': 'Austria Vienne', 'team2': 'Salzbourg', 'odds': [2.93, 3.22, 2.24]}, {'team1': 'WSG Swarovski Tirol', 'team2': 'SCR Altach', 'odds': [2.58, 2.99, 2.52]}, {'team1': 'Grazer', 'team2': 'Hartberg', 'odds': [2.66, 3.22, 2.31]}, {'team1': 'Austria Klagenfurt', 'team2': 'LASK Linz', 'odds': [3.78, 3.47, 1.76]}, {'team1': 'FC Blau-Weiss Linz', 'team2': 'Rapid Vienne', 'odds': [3.4, 3.22, 1.94]}, {'team1': 'Salzbourg', 'team2': 'Wolfsberger', 'odds': [1.67, 3.6, 4.13]}, {'team1': 'Austria Vienne', 'team2': 'Sturm Graz', 'odds': [2.49, 3.22, 2.45]}]
zebet: [{'team1': 'Wolfsberger AC', 'team2': 'Rapid Vienne', 'odds': [2.35, 3.15, 2.6]}, {'team1': 'Sturm Graz', 'team2': 'BW Linz', 'odds': [1.49, 3.8, 5.2]}, {'team1': 'Austria Vienne', 'team2': 'Salzbourg', 'odds': [2.9, 3.15, 2.15]}, {'team1': 'WSG Tirol', 'team2': 'SCR Altach', 'odds': [2.5, 2.9, 2.45]}, {'team1': 'Grazer AK 1902', 'team2': 'TSV Hartberg', 'odds': [2.6, 3.15, 2.25]}, {'team1': 'SK Klagenfurt', 'team2': 'Lask Linz', 'odds': [3.7, 3.35, 1.72]}, {'team1': 'Salzbourg', 'team2': 'Wolfsberger AC', 'odds': [1.63, 3.5, 4.0]}, {'team1': 'BW Linz', 'team2': 'Rapid Vienne', 'odds': [3.3, 3.15, 1.89]}, {'team1': 'Austria Vienne', 'team2': 'Sturm Graz', 'odds': [2.45, 3.15, 2.35]}]
netbet: []
Cannot crawl unibet: Traceback (most recent call last):
  File "d:\Users\Romeo\Documents\VSCode\Projet\src\Arbitrage\main.py", line 61, in <module>
    bookmakers['unibet'] = unibet.get_games(competition)
                           ^^^^^^^^^^^^^^^^^^^^^^^^^^^^^
  File "d:\Users\Romeo\Documents\VSCode\Projet\src\Arbitrage\bookmakers\unibet.py", line 50, in get_games
    html = get_page(competition)
           ^^^^^^^^^^^^^^^^^^^^^
  File "d:\Users\Romeo\Documents\VSCode\Projet\src\Arbitrage\bookmakers\unibet.py", line 36, in get_page
    driver = webdriver.Chrome(service = ChromeService(
            ^^^^^^^^^^^^^^^^^^^^^^^^^^^^^^^^^^^^^^^^^
  File "C:\Users\Romeo\AppData\Local\Packages\PythonSoftwareFoundation.Python.3.11_qbz5n2kfra8p0\LocalCache\local-packages\Python311\site-packages\selenium\webdriver\chrome\webdriver.py", line 45, in __init__
    super().__init__(
  File "C:\Users\Romeo\AppData\Local\Packages\PythonSoftwareFoundation.Python.3.11_qbz5n2kfra8p0\LocalCache\local-packages\Python311\site-packages\selenium\webdriver\chromium\webdriver.py", line 53, in __init__
    self.service.start()
  File "C:\Users\Romeo\AppData\Local\Packages\PythonSoftwareFoundation.Python.3.11_qbz5n2kfra8p0\LocalCache\local-packages\Python311\site-packages\selenium\webdriver\common\service.py", line 105, in start
    self._start_process(self._path)
  File "C:\Users\Romeo\AppData\Local\Packages\PythonSoftwareFoundation.Python.3.11_qbz5n2kfra8p0\LocalCache\local-packages\Python311\site-packages\selenium\webdriver\common\service.py", line 206, in _start_process
    self.process = subprocess.Popen(
                   ^^^^^^^^^^^^^^^^^
  File "C:\Program Files\WindowsApps\PythonSoftwareFoundation.Python.3.11_3.11.2544.0_x64__qbz5n2kfra8p0\Lib\subprocess.py", line 1026, in __init__
    self._execute_child(args, executable, preexec_fn, close_fds,
  File "C:\Program Files\WindowsApps\PythonSoftwareFoundation.Python.3.11_3.11.2544.0_x64__qbz5n2kfra8p0\Lib\subprocess.py", line 1538, in _execute_child
    hp, ht, pid, tid = _winapi.CreateProcess(executable, args,
                       ^^^^^^^^^^^^^^^^^^^^^^^^^^^^^^^^^^^^^^^
OSError: [WinError 193] %1 n’est pas une application Win32 valide

-- Competition: {'sport': 'football', 'competition': 'bundesliga-austria'} --
-- Arbitrage on: 
betclic   : Wolfsberger - Rapid Vienne @2.44/3.22/2.64
zebet     : Wolfsberger AC - Rapid Vienne @2.35/3.15/2.6
(betclic   /betclic   /betclic   ) -9.92%
-- Arbitrage on: 
betclic   : Sturm Graz - FC Blau-Weiss Linz @1.53/3.87/5.3
(betclic   /betclic   /betclic   ) -10.07%
-- Arbitrage on: 
betclic   : Austria Vienne - Salzbourg @2.93/3.22/2.24
zebet     : Austria Vienne - Salzbourg @2.9/3.15/2.15
(betclic   /betclic   /betclic   ) -9.83%
-- Arbitrage on: 
betclic   : WSG Swarovski Tirol - SCR Altach @2.58/2.99/2.52
(betclic   /betclic   /betclic   ) -11.89%
-- Arbitrage on: 
betclic   : Grazer - Hartberg @2.66/3.22/2.31
(betclic   /betclic   /betclic   ) -11.94%
-- Arbitrage on: 
betclic   : Austria Klagenfurt - LASK Linz @3.78/3.47/1.76
(betclic   /betclic   /betclic   ) -12.09%
-- Arbitrage on: 
betclic   : FC Blau-Weiss Linz - Rapid Vienne @3.4/3.22/1.94
(betclic   /betclic   /betclic   ) -12.01%
-- Arbitrage on: 
betclic   : Salzbourg - Wolfsberger @1.67/3.6/4.13
zebet     : Salzbourg - Wolfsberger AC @1.63/3.5/4.0
(betclic   /betclic   /betclic   ) -11.87%
-- Arbitrage on: 
betclic   : Austria Vienne - Sturm Graz @2.49/3.22/2.45
zebet     : Austria Vienne - Sturm Graz @2.45/3.15/2.35
(betclic   /betclic   /betclic   ) -12.03%
Cannot crawl winamax: Traceback (most recent call last):
  File "d:\Users\Romeo\Documents\VSCode\Projet\src\Arbitrage\main.py", line 26, in <module>
    bookmakers['winamax'] = winamax.get_games(competition)
                            ^^^^^^^^^^^^^^^^^^^^^^^^^^^^^^
  File "d:\Users\Romeo\Documents\VSCode\Projet\src\Arbitrage\bookmakers\winamax.py", line 47, in get_games
    json = get_json(competition)
           ^^^^^^^^^^^^^^^^^^^^^
  File "d:\Users\Romeo\Documents\VSCode\Projet\src\Arbitrage\bookmakers\winamax.py", line 37, in get_json
    split1 = html.split("var PRELOADED_STATE = ")[1]
             ~~~~~~~~~~~~~~~~~~~~~~~~~~~~~~~~~~~~^^^
IndexError: list index out of range

pmu: []
betclic: [{'team1': 'Anderlecht', 'team2': 'Anvers', 'odds': [1.77, 3.6, 3.88]}, {'team1': 'Genk', 'team2': 'Union Saint-Gilloise', 'odds': [2.32, 3.35, 2.7]}, {'team1': 'La Gantoise', 'team2': 'Club Bruges', 'odds': [4.83, 4.13, 1.54]}, {'team1': 'FCV Dender EH', 'team2': 'Royal Charleroi SC', 'odds': [2.89, 3.17, 2.18]}, {'team1': 'Standard Liège', 'team2': 'Oud-Heverlee Leuven', 'odds': [2.18, 3.07, 2.97]}, {'team1': 'Malines', 'team2': 'Westerlo', 'odds': [1.85, 3.55, 3.35]}, {'team1': 'KFCO Beerschot Wilrijk', 'team2': 'Courtrai', 'odds': [4.45, 3.57, 1.58]}, {'team1': 'Cercle Bruges', 'team2': 'Sint-Truidense VV', 'odds': [1.85, 3.28, 3.17]}]
zebet: [{'team1': 'Anderlecht', 'team2': 'Royal Antwerp', 'odds': [1.75, 3.45, 3.7]}, {'team1': 'RC Genk', 'team2': 'Saint-Gilloise', 'odds': [2.2, 3.3, 2.65]}, {'team1': 'La Gantoise', 'team2': 'Club Bruges', 'odds': [4.7, 4.05, 1.49]}, {'team1': 'FCV Dender EH', 'team2': 'Charleroi', 'odds': [2.8, 3.1, 2.1]}, {'team1': 'Standard Liège', 'team2': 'Louvain', 'odds': [2.1, 3.0, 2.9]}, {'team1': 'KV Mechelen', 'team2': 'Westerlo', 'odds': [1.81, 3.45, 3.25]}, {'team1': 'K Beerschot VA', 'team2': 'KV Kortrijk', 'odds': [4.4, 3.55, 1.56]}]
netbet: []
Cannot crawl unibet: Traceback (most recent call last):
  File "d:\Users\Romeo\Documents\VSCode\Projet\src\Arbitrage\main.py", line 61, in <module>
    bookmakers['unibet'] = unibet.get_games(competition)
                           ^^^^^^^^^^^^^^^^^^^^^^^^^^^^^
  File "d:\Users\Romeo\Documents\VSCode\Projet\src\Arbitrage\bookmakers\unibet.py", line 50, in get_games
    html = get_page(competition)
           ^^^^^^^^^^^^^^^^^^^^^
  File "d:\Users\Romeo\Documents\VSCode\Projet\src\Arbitrage\bookmakers\unibet.py", line 36, in get_page
    driver = webdriver.Chrome(service = ChromeService(
            ^^^^^^^^^^^^^^^^^^^^^^^^^^^^^^^^^^^^^^^^^
  File "C:\Users\Romeo\AppData\Local\Packages\PythonSoftwareFoundation.Python.3.11_qbz5n2kfra8p0\LocalCache\local-packages\Python311\site-packages\selenium\webdriver\chrome\webdriver.py", line 45, in __init__
    super().__init__(
  File "C:\Users\Romeo\AppData\Local\Packages\PythonSoftwareFoundation.Python.3.11_qbz5n2kfra8p0\LocalCache\local-packages\Python311\site-packages\selenium\webdriver\chromium\webdriver.py", line 53, in __init__
    self.service.start()
  File "C:\Users\Romeo\AppData\Local\Packages\PythonSoftwareFoundation.Python.3.11_qbz5n2kfra8p0\LocalCache\local-packages\Python311\site-packages\selenium\webdriver\common\service.py", line 105, in start
    self._start_process(self._path)
  File "C:\Users\Romeo\AppData\Local\Packages\PythonSoftwareFoundation.Python.3.11_qbz5n2kfra8p0\LocalCache\local-packages\Python311\site-packages\selenium\webdriver\common\service.py", line 206, in _start_process
    self.process = subprocess.Popen(
                   ^^^^^^^^^^^^^^^^^
  File "C:\Program Files\WindowsApps\PythonSoftwareFoundation.Python.3.11_3.11.2544.0_x64__qbz5n2kfra8p0\Lib\subprocess.py", line 1026, in __init__
    self._execute_child(args, executable, preexec_fn, close_fds,
  File "C:\Program Files\WindowsApps\PythonSoftwareFoundation.Python.3.11_3.11.2544.0_x64__qbz5n2kfra8p0\Lib\subprocess.py", line 1538, in _execute_child
    hp, ht, pid, tid = _winapi.CreateProcess(executable, args,
                       ^^^^^^^^^^^^^^^^^^^^^^^^^^^^^^^^^^^^^^^
OSError: [WinError 193] %1 n’est pas une application Win32 valide

-- Competition: {'sport': 'football', 'competition': 'division-1a'} --
-- Arbitrage on: 
betclic   : Anderlecht - Anvers @1.77/3.6/3.88
(betclic   /betclic   /betclic   ) -10.05%
-- Arbitrage on: 
betclic   : Genk - Union Saint-Gilloise @2.32/3.35/2.7
(betclic   /betclic   /betclic   ) -9.99%
-- Arbitrage on: 
betclic   : La Gantoise - Club Bruges @4.83/4.13/1.54
zebet     : La Gantoise - Club Bruges @4.7/4.05/1.49
(betclic   /betclic   /betclic   ) -9.85%
-- Arbitrage on: 
betclic   : FCV Dender EH - Royal Charleroi SC @2.89/3.17/2.18
(betclic   /betclic   /betclic   ) -12.02%
-- Arbitrage on: 
betclic   : Standard Liège - Oud-Heverlee Leuven @2.18/3.07/2.97
(betclic   /betclic   /betclic   ) -12.11%
-- Arbitrage on: 
betclic   : Malines - Westerlo @1.85/3.55/3.35
(betclic   /betclic   /betclic   ) -12.07%
-- Arbitrage on: 
betclic   : KFCO Beerschot Wilrijk - Courtrai @4.45/3.57/1.58
(betclic   /betclic   /betclic   ) -13.77%
-- Arbitrage on: 
betclic   : Cercle Bruges - Sint-Truidense VV @1.85/3.28/3.17
(betclic   /betclic   /betclic   ) -16.09%
Cannot crawl winamax: Traceback (most recent call last):
  File "d:\Users\Romeo\Documents\VSCode\Projet\src\Arbitrage\main.py", line 26, in <module>
    bookmakers['winamax'] = winamax.get_games(competition)
                            ^^^^^^^^^^^^^^^^^^^^^^^^^^^^^^
  File "d:\Users\Romeo\Documents\VSCode\Projet\src\Arbitrage\bookmakers\winamax.py", line 47, in get_games
    json = get_json(competition)
           ^^^^^^^^^^^^^^^^^^^^^
  File "d:\Users\Romeo\Documents\VSCode\Projet\src\Arbitrage\bookmakers\winamax.py", line 37, in get_json
    split1 = html.split("var PRELOADED_STATE = ")[1]
             ~~~~~~~~~~~~~~~~~~~~~~~~~~~~~~~~~~~~^^^
IndexError: list index out of range

pmu: []
betclic: [{'team1': 'Istanbul Basaksehir', 'team2': 'Gazisehir Gaziantep FK', 'odds': [1.66, 3.67, 4.45]}, {'team1': 'Caykur Rizespor', 'team2': 'Eyupspor', 'odds': [2.08, 3.42, 3.07]}, {'team1': 'Fenerbahçe', 'team2': 'Kayserispor', 'odds': [1.11, 7.6, 15]}, {'team1': 'Alanyaspor', 'team2': 'Samsunspor', 'odds': [2.39, 2.95, 2.83]}, {'team1': 'Besiktas', 'team2': 'Hatayspor', 'odds': [1.16, 5.9, 9.2]}, {'team1': 'Sivasspor', 'team2': 'Antalyaspor', 'odds': [1.95, 3.18, 2.99]}, {'team1': 'Bodrum Belediyesi Bodrumspor', 'team2': 'Samsunspor', 'odds': [2.75, 3.28, 2.03]}, {'team1': 'Gazisehir Gaziantep FK', 'team2': 'Fenerbahçe', 'odds': [8.8, 4.12, 1.24]}, {'team1': 'Konyaspor', 'team2': 'Adana Demirspor', 'odds': [1.16, 5.15, 9.95]}, {'team1': 'Trabzonspor', 'team2': 'Alanyaspor', 'odds': [1.52, 3.68, 4.35]}, {'team1': 'Eyupspor', 'team2': 'Galatasaray', 'odds': [6.1, 4.3, 1.31]}, {'team1': 'Kayserispor', 'team2': 'Caykur Rizespor', 'odds': [1.98, 3.53, 2.69]}, {'team1': 'Goztepe', 'team2': 'Istanbul Basaksehir', 'odds': [2.02, 3.4, 2.56]}, {'team1': 'Caykur Rizespor', 'team2': 'Gazisehir Gaziantep FK', 'odds': [1.99, 4.02, 2.34]}, {'team1': 'Alanyaspor', 'team2': 'Kayserispor', 'odds': [2.16, 3.65, 2.26]}, {'team1': 'Galatasaray', 'team2': 'Sivasspor', 'odds': [1.31, 4.33, 5.3]}, {'team1': 'Samsunspor', 'team2': 'Eyupspor', 'odds': [1.99, 4.02, 2.33]}, {'team1': 'Fenerbahçe', 'team2': 'Besiktas', 'odds': [1.67, 3.72, 3.2]}, {'team1': 'Kasimpasa', 'team2': 'Trabzonspor', 'odds': [2.16, 3.77, 2.22]}]
zebet: [{'team1': 'Basaksehir', 'team2': 'Gaziantep Spor', 'odds': [1.62, 3.65, 4.4]}, {'team1': 'Rizespor', 'team2': 'Eyupspor', 'odds': [2.0, 3.4, 3.05]}, {'team1': 'Fenerbahce', 'team2': 'Kayserispor', 'odds': [1.1, 7.1, 14.0]}, {'team1': 'Alanyaspor', 'team2': 'Samsunspor', 'odds': [2.3, 2.95, 2.8]}, {'team1': 'Besiktas', 'team2': 'Hatayspor', 'odds': [1.14, 5.9, 9.3]}]
netbet: [{'team1': 'Istanbul Basaksehir', 'team2': 'Gaziantep', 'odds': [1.57, 3.6, 4.5]}, {'team1': 'Caykur Rizespor', 'team2': 'Eyüpspor', 'odds': [2.0, 3.25, 3.05]}, {'team1': 'Fenerbahçe', 'team2': 'Kayserispor', 'odds': [1.06, 7.75, 15.0]}, {'team1': 'Alanyaspor', 'team2': 'Samsunspor', 'odds': [2.35, 2.85, 2.8]}]
Cannot crawl unibet: Traceback (most recent call last):
  File "d:\Users\Romeo\Documents\VSCode\Projet\src\Arbitrage\main.py", line 61, in <module>
    bookmakers['unibet'] = unibet.get_games(competition)
                           ^^^^^^^^^^^^^^^^^^^^^^^^^^^^^
  File "d:\Users\Romeo\Documents\VSCode\Projet\src\Arbitrage\bookmakers\unibet.py", line 50, in get_games
    html = get_page(competition)
           ^^^^^^^^^^^^^^^^^^^^^
  File "d:\Users\Romeo\Documents\VSCode\Projet\src\Arbitrage\bookmakers\unibet.py", line 36, in get_page
    driver = webdriver.Chrome(service = ChromeService(
            ^^^^^^^^^^^^^^^^^^^^^^^^^^^^^^^^^^^^^^^^^
  File "C:\Users\Romeo\AppData\Local\Packages\PythonSoftwareFoundation.Python.3.11_qbz5n2kfra8p0\LocalCache\local-packages\Python311\site-packages\selenium\webdriver\chrome\webdriver.py", line 45, in __init__
    super().__init__(
  File "C:\Users\Romeo\AppData\Local\Packages\PythonSoftwareFoundation.Python.3.11_qbz5n2kfra8p0\LocalCache\local-packages\Python311\site-packages\selenium\webdriver\chromium\webdriver.py", line 53, in __init__
    self.service.start()
  File "C:\Users\Romeo\AppData\Local\Packages\PythonSoftwareFoundation.Python.3.11_qbz5n2kfra8p0\LocalCache\local-packages\Python311\site-packages\selenium\webdriver\common\service.py", line 105, in start
    self._start_process(self._path)
  File "C:\Users\Romeo\AppData\Local\Packages\PythonSoftwareFoundation.Python.3.11_qbz5n2kfra8p0\LocalCache\local-packages\Python311\site-packages\selenium\webdriver\common\service.py", line 206, in _start_process
    self.process = subprocess.Popen(
                   ^^^^^^^^^^^^^^^^^
  File "C:\Program Files\WindowsApps\PythonSoftwareFoundation.Python.3.11_3.11.2544.0_x64__qbz5n2kfra8p0\Lib\subprocess.py", line 1026, in __init__
    self._execute_child(args, executable, preexec_fn, close_fds,
  File "C:\Program Files\WindowsApps\PythonSoftwareFoundation.Python.3.11_3.11.2544.0_x64__qbz5n2kfra8p0\Lib\subprocess.py", line 1538, in _execute_child
    hp, ht, pid, tid = _winapi.CreateProcess(executable, args,
                       ^^^^^^^^^^^^^^^^^^^^^^^^^^^^^^^^^^^^^^^
OSError: [WinError 193] %1 n’est pas une application Win32 valide

-- Competition: {'sport': 'football', 'competition': 'super-lig'} --
-- Arbitrage on: 
betclic   : Istanbul Basaksehir - Gazisehir Gaziantep FK @1.66/3.67/4.45
(betclic   /betclic   /betclic   ) -9.96%
-- Arbitrage on: 
betclic   : Caykur Rizespor - Eyupspor @2.08/3.42/3.07
netbet    : Caykur Rizespor - Eyüpspor @2.0/3.25/3.05
(betclic   /betclic   /betclic   ) -9.89%
-- Arbitrage on: 
betclic   : Fenerbahçe - Kayserispor @1.11/7.6/15
zebet     : Fenerbahce - Kayserispor @1.1/7.1/14.0
netbet    : Fenerbahçe - Kayserispor @1.06/7.75/15.0
(betclic   /netbet    /betclic   ) -9.66%
-- Arbitrage on: 
betclic   : Alanyaspor - Samsunspor @2.39/2.95/2.83
zebet     : Alanyaspor - Samsunspor @2.3/2.95/2.8
netbet    : Alanyaspor - Samsunspor @2.35/2.85/2.8
(betclic   /betclic   /betclic   ) -11.07%
-- Arbitrage on: 
betclic   : Besiktas - Hatayspor @1.16/5.9/9.2
zebet     : Besiktas - Hatayspor @1.14/5.9/9.3
(betclic   /betclic   /zebet     ) -13.91%
-- Arbitrage on: 
betclic   : Sivasspor - Antalyaspor @1.95/3.18/2.99
(betclic   /betclic   /betclic   ) -16.17%
-- Arbitrage on: 
betclic   : Bodrum Belediyesi Bodrumspor - Samsunspor @2.75/3.28/2.03
(betclic   /betclic   /betclic   ) -16.11%
-- Arbitrage on: 
betclic   : Gazisehir Gaziantep FK - Fenerbahçe @8.8/4.12/1.24
(betclic   /betclic   /betclic   ) -16.28%
-- Arbitrage on: 
betclic   : Konyaspor - Adana Demirspor @1.16/5.15/9.95
(betclic   /betclic   /betclic   ) -15.67%
-- Arbitrage on: 
betclic   : Trabzonspor - Alanyaspor @1.52/3.68/4.35
(betclic   /betclic   /betclic   ) -15.95%
-- Arbitrage on: 
betclic   : Eyupspor - Galatasaray @6.1/4.3/1.31
(betclic   /betclic   /betclic   ) -15.99%
-- Arbitrage on: 
betclic   : Kayserispor - Caykur Rizespor @1.98/3.53/2.69
(betclic   /betclic   /betclic   ) -16.01%
-- Arbitrage on: 
betclic   : Goztepe - Istanbul Basaksehir @2.02/3.4/2.56
(betclic   /betclic   /betclic   ) -17.98%
-- Arbitrage on: 
betclic   : Caykur Rizespor - Gazisehir Gaziantep FK @1.99/4.02/2.34
(betclic   /betclic   /betclic   ) -17.86%
-- Arbitrage on: 
betclic   : Alanyaspor - Kayserispor @2.16/3.65/2.26
(betclic   /betclic   /betclic   ) -17.94%
-- Arbitrage on: 
betclic   : Galatasaray - Sivasspor @1.31/4.33/5.3
(betclic   /betclic   /betclic   ) -18.30%
-- Arbitrage on: 
betclic   : Samsunspor - Eyupspor @1.99/4.02/2.33
(betclic   /betclic   /betclic   ) -18.05%
-- Arbitrage on: 
betclic   : Fenerbahçe - Besiktas @1.67/3.72/3.2
(betclic   /betclic   /betclic   ) -18.01%
-- Arbitrage on: 
betclic   : Kasimpasa - Trabzonspor @2.16/3.77/2.22
(betclic   /betclic   /betclic   ) -17.87%
['pmu', 'betclic', 'zebet', 'netbet']
